
**** Build of configuration Debug for project Experiment2 ****

"C:\\ti\\ccsv6\\utils\\bin\\gmake" -k all 
'Building file: ../main.c'
'Invoking: ARM Compiler'
"C:/ti/ccsv6/tools/compiler/ti-cgt-arm_5.2.2/bin/armcl" -mv7M4 --code_state=16 --float_support=FPv4SPD16 --abi=eabi -me --include_path="C:/ti/TivaWare_C_Series-2.1.1.71" --include_path="C:/ti/ccsv6/tools/compiler/ti-cgt-arm_5.2.2/include" -g --gcc --define=ccs="ccs" --define=PART_TM4C123GH6PM --display_error_number --diag_warning=225 --diag_wrap=off --preproc_with_compile --preproc_dependency="main.pp"  "../main.c"
"../main.c", line 3: fatal error #1965: cannot open source file "inc/hw_types.h"
1 catastrophic error detected in the compilation of "../main.c".
Compilation terminated.

>> Compilation failure
gmake: *** [main.obj] Error 1
'Building file: ../tm4c123gh6pm_startup_ccs.c'
'Invoking: ARM Compiler'
"C:/ti/ccsv6/tools/compiler/ti-cgt-arm_5.2.2/bin/armcl" -mv7M4 --code_state=16 --float_support=FPv4SPD16 --abi=eabi -me --include_path="C:/ti/TivaWare_C_Series-2.1.1.71" --include_path="C:/ti/ccsv6/tools/compiler/ti-cgt-arm_5.2.2/include" -g --gcc --define=ccs="ccs" --define=PART_TM4C123GH6PM --display_error_number --diag_warning=225 --diag_wrap=off --preproc_with_compile --preproc_dependency="tm4c123gh6pm_startup_ccs.pp"  "../tm4c123gh6pm_startup_ccs.c"
'Finished building: ../tm4c123gh6pm_startup_ccs.c'
' '
gmake: *** No rule to make target `C:/ti/TivaWare_C_Series-2.1.1.71/driverlib/ccs/Debug/driverlib.lib', needed by `Experiment2.out'.
gmake: Target `all' not remade because of errors.

**** Build Finished ****
