
**** Build of configuration Debug for project StepperExperiments ****

"C:\\ti\\ccsv6\\utils\\bin\\gmake" -k all 
'Building file: ../main.c'
'Invoking: ARM Compiler'
"C:/ti/ccsv6/tools/compiler/ti-cgt-arm_5.2.2/bin/armcl" -mv7M4 --code_state=16 --float_support=FPv4SPD16 --abi=eabi -me --include_path="C:/ti/ccsv6/tools/compiler/ti-cgt-arm_5.2.2/include" --include_path="X:/My Documents/Micro 2 files/micro2-repository-workspace/r-tiles-dev/custom-libraries" --include_path="C:/ti/TivaWare_C_Series-2.1.4.178" -g --gcc --define=ccs="ccs" --define=PART_TM4C123GH6PM --display_error_number --diag_warning=225 --diag_wrap=off --preproc_with_compile --preproc_dependency="main.pp"  "../main.c"
'Finished building: ../main.c'
' '
'Building target: StepperExperiments.out'
'Invoking: ARM Linker'
"C:/ti/ccsv6/tools/compiler/ti-cgt-arm_5.2.2/bin/armcl" -mv7M4 --code_state=16 --float_support=FPv4SPD16 --abi=eabi -me -g --gcc --define=ccs="ccs" --define=PART_TM4C123GH6PM --display_error_number --diag_warning=225 --diag_wrap=off -z -m"StepperExperiments.map" --heap_size=0 --stack_size=512 -i"C:/ti/ccsv6/tools/compiler/ti-cgt-arm_5.2.2/lib" -i"C:/ti/ccsv6/tools/compiler/ti-cgt-arm_5.2.2/include" --reread_libs --warn_sections --display_error_number --diag_wrap=off --xml_link_info="StepperExperiments_linkInfo.xml" --rom_model -o "StepperExperiments.out" "./main.obj" "./tm4c123gh6pm_startup_ccs.obj" "./libraries/MIL_LCD_lib.obj" "./libraries/tivaUtils.obj" "C:/ti/TivaWare_C_Series-2.1.4.178/driverlib/ccs/Debug/driverlib.lib" "../tm4c123gh6pm.cmd"  -l"libc.a" 
<Linking>
'Finished building target: StepperExperiments.out'
' '

**** Build Finished ****

**** Build of configuration Debug for project StepperExperiments ****

"C:\\ti\\ccsv6\\utils\\bin\\gmake" -k all 
gmake: Nothing to be done for `all'.

**** Build Finished ****

**** Build of configuration Debug for project StepperExperiments ****

"C:\\ti\\ccsv6\\utils\\bin\\gmake" -k all 
gmake: Nothing to be done for `all'.

**** Build Finished ****

**** Build of configuration Debug for project StepperExperiments ****

"C:\\ti\\ccsv6\\utils\\bin\\gmake" -k all 
'Building file: ../main.c'
'Invoking: ARM Compiler'
"C:/ti/ccsv6/tools/compiler/ti-cgt-arm_5.2.2/bin/armcl" -mv7M4 --code_state=16 --float_support=FPv4SPD16 --abi=eabi -me --include_path="C:/ti/ccsv6/tools/compiler/ti-cgt-arm_5.2.2/include" --include_path="X:/My Documents/Micro 2 files/micro2-repository-workspace/r-tiles-dev/custom-libraries" --include_path="C:/ti/TivaWare_C_Series-2.1.4.178" -g --gcc --define=ccs="ccs" --define=PART_TM4C123GH6PM --display_error_number --diag_warning=225 --diag_wrap=off --preproc_with_compile --preproc_dependency="main.pp"  "../main.c"
'Finished building: ../main.c'
' '
'Building target: StepperExperiments.out'
'Invoking: ARM Linker'
"C:/ti/ccsv6/tools/compiler/ti-cgt-arm_5.2.2/bin/armcl" -mv7M4 --code_state=16 --float_support=FPv4SPD16 --abi=eabi -me -g --gcc --define=ccs="ccs" --define=PART_TM4C123GH6PM --display_error_number --diag_warning=225 --diag_wrap=off -z -m"StepperExperiments.map" --heap_size=0 --stack_size=512 -i"C:/ti/ccsv6/tools/compiler/ti-cgt-arm_5.2.2/lib" -i"C:/ti/ccsv6/tools/compiler/ti-cgt-arm_5.2.2/include" --reread_libs --warn_sections --display_error_number --diag_wrap=off --xml_link_info="StepperExperiments_linkInfo.xml" --rom_model -o "StepperExperiments.out" "./main.obj" "./tm4c123gh6pm_startup_ccs.obj" "./libraries/MIL_LCD_lib.obj" "./libraries/tivaUtils.obj" "C:/ti/TivaWare_C_Series-2.1.4.178/driverlib/ccs/Debug/driverlib.lib" "../tm4c123gh6pm.cmd"  -l"libc.a" 
<Linking>
'Finished building target: StepperExperiments.out'
' '

**** Build Finished ****

**** Build of configuration Debug for project StepperExperiments ****

"C:\\ti\\ccsv6\\utils\\bin\\gmake" -k all 
'Building file: ../main.c'
'Invoking: ARM Compiler'
"C:/ti/ccsv6/tools/compiler/ti-cgt-arm_5.2.2/bin/armcl" -mv7M4 --code_state=16 --float_support=FPv4SPD16 --abi=eabi -me --include_path="C:/ti/ccsv6/tools/compiler/ti-cgt-arm_5.2.2/include" --include_path="X:/My Documents/Micro 2 files/micro2-repository-workspace/r-tiles-dev/custom-libraries" --include_path="C:/ti/TivaWare_C_Series-2.1.4.178" -g --gcc --define=ccs="ccs" --define=PART_TM4C123GH6PM --display_error_number --diag_warning=225 --diag_wrap=off --preproc_with_compile --preproc_dependency="main.pp"  "../main.c"
'Finished building: ../main.c'
' '
'Building target: StepperExperiments.out'
'Invoking: ARM Linker'
"C:/ti/ccsv6/tools/compiler/ti-cgt-arm_5.2.2/bin/armcl" -mv7M4 --code_state=16 --float_support=FPv4SPD16 --abi=eabi -me -g --gcc --define=ccs="ccs" --define=PART_TM4C123GH6PM --display_error_number --diag_warning=225 --diag_wrap=off -z -m"StepperExperiments.map" --heap_size=0 --stack_size=512 -i"C:/ti/ccsv6/tools/compiler/ti-cgt-arm_5.2.2/lib" -i"C:/ti/ccsv6/tools/compiler/ti-cgt-arm_5.2.2/include" --reread_libs --warn_sections --display_error_number --diag_wrap=off --xml_link_info="StepperExperiments_linkInfo.xml" --rom_model -o "StepperExperiments.out" "./main.obj" "./tm4c123gh6pm_startup_ccs.obj" "./libraries/MIL_LCD_lib.obj" "./libraries/tivaUtils.obj" "C:/ti/TivaWare_C_Series-2.1.4.178/driverlib/ccs/Debug/driverlib.lib" "../tm4c123gh6pm.cmd"  -l"libc.a" 
<Linking>
'Finished building target: StepperExperiments.out'
' '

**** Build Finished ****

**** Build of configuration Debug for project StepperExperiments ****

"C:\\ti\\ccsv6\\utils\\bin\\gmake" -k all 
gmake: Nothing to be done for `all'.

**** Build Finished ****

**** Build of configuration Debug for project StepperExperiments ****

"C:\\ti\\ccsv6\\utils\\bin\\gmake" -k all 
'Building file: ../main.c'
'Invoking: ARM Compiler'
"C:/ti/ccsv6/tools/compiler/ti-cgt-arm_5.2.2/bin/armcl" -mv7M4 --code_state=16 --float_support=FPv4SPD16 --abi=eabi -me --include_path="C:/ti/ccsv6/tools/compiler/ti-cgt-arm_5.2.2/include" --include_path="X:/My Documents/Micro 2 files/micro2-repository-workspace/r-tiles-dev/custom-libraries" --include_path="C:/ti/TivaWare_C_Series-2.1.4.178" -g --gcc --define=ccs="ccs" --define=PART_TM4C123GH6PM --display_error_number --diag_warning=225 --diag_wrap=off --preproc_with_compile --preproc_dependency="main.pp"  "../main.c"
'Finished building: ../main.c'
' '
'Building target: StepperExperiments.out'
'Invoking: ARM Linker'
"C:/ti/ccsv6/tools/compiler/ti-cgt-arm_5.2.2/bin/armcl" -mv7M4 --code_state=16 --float_support=FPv4SPD16 --abi=eabi -me -g --gcc --define=ccs="ccs" --define=PART_TM4C123GH6PM --display_error_number --diag_warning=225 --diag_wrap=off -z -m"StepperExperiments.map" --heap_size=0 --stack_size=800 -i"C:/ti/ccsv6/tools/compiler/ti-cgt-arm_5.2.2/lib" -i"C:/ti/ccsv6/tools/compiler/ti-cgt-arm_5.2.2/include" --reread_libs --warn_sections --display_error_number --diag_wrap=off --xml_link_info="StepperExperiments_linkInfo.xml" --rom_model -o "StepperExperiments.out" "./main.obj" "./tm4c123gh6pm_startup_ccs.obj" "./libraries/MIL_LCD_lib.obj" "./libraries/tivaUtils.obj" "C:/ti/TivaWare_C_Series-2.1.4.178/driverlib/ccs/Debug/driverlib.lib" "../tm4c123gh6pm.cmd"  -l"libc.a" 
<Linking>
'Finished building target: StepperExperiments.out'
' '

**** Build Finished ****

**** Build of configuration Debug for project StepperExperiments ****

"C:\\ti\\ccsv6\\utils\\bin\\gmake" -k all 
gmake: Nothing to be done for `all'.

**** Build Finished ****

**** Build of configuration Debug for project StepperExperiments ****

"C:\\ti\\ccsv6\\utils\\bin\\gmake" -k all 
'Building file: ../main.c'
'Invoking: ARM Compiler'
"C:/ti/ccsv6/tools/compiler/ti-cgt-arm_5.2.2/bin/armcl" -mv7M4 --code_state=16 --float_support=FPv4SPD16 --abi=eabi -me --include_path="C:/ti/ccsv6/tools/compiler/ti-cgt-arm_5.2.2/include" --include_path="X:/My Documents/Micro 2 files/micro2-repository-workspace/r-tiles-dev/custom-libraries" --include_path="C:/ti/TivaWare_C_Series-2.1.4.178" -g --gcc --define=ccs="ccs" --define=PART_TM4C123GH6PM --display_error_number --diag_warning=225 --diag_wrap=off --preproc_with_compile --preproc_dependency="main.pp"  "../main.c"
"../main.c", line 20: error #20: identifier "SYSCTL_PORTE_BASE" is undefined
1 error detected in the compilation of "../main.c".

>> Compilation failure
gmake: *** [main.obj] Error 1
gmake: Target `all' not remade because of errors.

**** Build Finished ****

**** Build of configuration Debug for project StepperExperiments ****

"C:\\ti\\ccsv6\\utils\\bin\\gmake" -k all 
'Building file: ../main.c'
'Invoking: ARM Compiler'
"C:/ti/ccsv6/tools/compiler/ti-cgt-arm_5.2.2/bin/armcl" -mv7M4 --code_state=16 --float_support=FPv4SPD16 --abi=eabi -me --include_path="C:/ti/ccsv6/tools/compiler/ti-cgt-arm_5.2.2/include" --include_path="X:/My Documents/Micro 2 files/micro2-repository-workspace/r-tiles-dev/custom-libraries" --include_path="C:/ti/TivaWare_C_Series-2.1.4.178" -g --gcc --define=ccs="ccs" --define=PART_TM4C123GH6PM --display_error_number --diag_warning=225 --diag_wrap=off --preproc_with_compile --preproc_dependency="main.pp"  "../main.c"
'Finished building: ../main.c'
' '
'Building target: StepperExperiments.out'
'Invoking: ARM Linker'
"C:/ti/ccsv6/tools/compiler/ti-cgt-arm_5.2.2/bin/armcl" -mv7M4 --code_state=16 --float_support=FPv4SPD16 --abi=eabi -me -g --gcc --define=ccs="ccs" --define=PART_TM4C123GH6PM --display_error_number --diag_warning=225 --diag_wrap=off -z -m"StepperExperiments.map" --heap_size=0 --stack_size=800 -i"C:/ti/ccsv6/tools/compiler/ti-cgt-arm_5.2.2/lib" -i"C:/ti/ccsv6/tools/compiler/ti-cgt-arm_5.2.2/include" --reread_libs --warn_sections --display_error_number --diag_wrap=off --xml_link_info="StepperExperiments_linkInfo.xml" --rom_model -o "StepperExperiments.out" "./main.obj" "./tm4c123gh6pm_startup_ccs.obj" "./libraries/MIL_LCD_lib.obj" "./libraries/tivaUtils.obj" "C:/ti/TivaWare_C_Series-2.1.4.178/driverlib/ccs/Debug/driverlib.lib" "../tm4c123gh6pm.cmd"  -l"libc.a" 
<Linking>
'Finished building target: StepperExperiments.out'
' '

**** Build Finished ****

**** Build of configuration Debug for project StepperExperiments ****

"C:\\ti\\ccsv6\\utils\\bin\\gmake" -k all 
'Building file: ../main.c'
'Invoking: ARM Compiler'
"C:/ti/ccsv6/tools/compiler/ti-cgt-arm_5.2.2/bin/armcl" -mv7M4 --code_state=16 --float_support=FPv4SPD16 --abi=eabi -me --include_path="C:/ti/ccsv6/tools/compiler/ti-cgt-arm_5.2.2/include" --include_path="X:/My Documents/Micro 2 files/micro2-repository-workspace/r-tiles-dev/custom-libraries" --include_path="C:/ti/TivaWare_C_Series-2.1.4.178" -g --gcc --define=ccs="ccs" --define=PART_TM4C123GH6PM --display_error_number --diag_warning=225 --diag_wrap=off --preproc_with_compile --preproc_dependency="main.pp"  "../main.c"
'Finished building: ../main.c'
' '
'Building target: StepperExperiments.out'
'Invoking: ARM Linker'
"C:/ti/ccsv6/tools/compiler/ti-cgt-arm_5.2.2/bin/armcl" -mv7M4 --code_state=16 --float_support=FPv4SPD16 --abi=eabi -me -g --gcc --define=ccs="ccs" --define=PART_TM4C123GH6PM --display_error_number --diag_warning=225 --diag_wrap=off -z -m"StepperExperiments.map" --heap_size=0 --stack_size=800 -i"C:/ti/ccsv6/tools/compiler/ti-cgt-arm_5.2.2/lib" -i"C:/ti/ccsv6/tools/compiler/ti-cgt-arm_5.2.2/include" --reread_libs --warn_sections --display_error_number --diag_wrap=off --xml_link_info="StepperExperiments_linkInfo.xml" --rom_model -o "StepperExperiments.out" "./main.obj" "./tm4c123gh6pm_startup_ccs.obj" "./libraries/MIL_LCD_lib.obj" "./libraries/tivaUtils.obj" "C:/ti/TivaWare_C_Series-2.1.4.178/driverlib/ccs/Debug/driverlib.lib" "../tm4c123gh6pm.cmd"  -l"libc.a" 
<Linking>
'Finished building target: StepperExperiments.out'
' '

**** Build Finished ****

**** Build of configuration Debug for project StepperExperiments ****

"C:\\ti\\ccsv6\\utils\\bin\\gmake" -k all 
'Building file: ../main.c'
'Invoking: ARM Compiler'
"C:/ti/ccsv6/tools/compiler/ti-cgt-arm_5.2.2/bin/armcl" -mv7M4 --code_state=16 --float_support=FPv4SPD16 --abi=eabi -me --include_path="C:/ti/ccsv6/tools/compiler/ti-cgt-arm_5.2.2/include" --include_path="X:/My Documents/Micro 2 files/micro2-repository-workspace/r-tiles-dev/custom-libraries" --include_path="C:/ti/TivaWare_C_Series-2.1.4.178" -g --gcc --define=ccs="ccs" --define=PART_TM4C123GH6PM --display_error_number --diag_warning=225 --diag_wrap=off --preproc_with_compile --preproc_dependency="main.pp"  "../main.c"
'Finished building: ../main.c'
' '
'Building target: StepperExperiments.out'
'Invoking: ARM Linker'
"C:/ti/ccsv6/tools/compiler/ti-cgt-arm_5.2.2/bin/armcl" -mv7M4 --code_state=16 --float_support=FPv4SPD16 --abi=eabi -me -g --gcc --define=ccs="ccs" --define=PART_TM4C123GH6PM --display_error_number --diag_warning=225 --diag_wrap=off -z -m"StepperExperiments.map" --heap_size=0 --stack_size=800 -i"C:/ti/ccsv6/tools/compiler/ti-cgt-arm_5.2.2/lib" -i"C:/ti/ccsv6/tools/compiler/ti-cgt-arm_5.2.2/include" --reread_libs --warn_sections --display_error_number --diag_wrap=off --xml_link_info="StepperExperiments_linkInfo.xml" --rom_model -o "StepperExperiments.out" "./main.obj" "./tm4c123gh6pm_startup_ccs.obj" "./libraries/MIL_LCD_lib.obj" "./libraries/tivaUtils.obj" "C:/ti/TivaWare_C_Series-2.1.4.178/driverlib/ccs/Debug/driverlib.lib" "../tm4c123gh6pm.cmd"  -l"libc.a" 
<Linking>
'Finished building target: StepperExperiments.out'
' '

**** Build Finished ****

**** Build of configuration Debug for project StepperExperiments ****

"C:\\ti\\ccsv6\\utils\\bin\\gmake" -k all 
'Building file: ../main.c'
'Invoking: ARM Compiler'
"C:/ti/ccsv6/tools/compiler/ti-cgt-arm_5.2.2/bin/armcl" -mv7M4 --code_state=16 --float_support=FPv4SPD16 --abi=eabi -me --include_path="C:/ti/ccsv6/tools/compiler/ti-cgt-arm_5.2.2/include" --include_path="X:/My Documents/Micro 2 files/micro2-repository-workspace/r-tiles-dev/custom-libraries" --include_path="C:/ti/TivaWare_C_Series-2.1.4.178" -g --gcc --define=ccs="ccs" --define=PART_TM4C123GH6PM --display_error_number --diag_warning=225 --diag_wrap=off --preproc_with_compile --preproc_dependency="main.pp"  "../main.c"
'Finished building: ../main.c'
' '
'Building target: StepperExperiments.out'
'Invoking: ARM Linker'
"C:/ti/ccsv6/tools/compiler/ti-cgt-arm_5.2.2/bin/armcl" -mv7M4 --code_state=16 --float_support=FPv4SPD16 --abi=eabi -me -g --gcc --define=ccs="ccs" --define=PART_TM4C123GH6PM --display_error_number --diag_warning=225 --diag_wrap=off -z -m"StepperExperiments.map" --heap_size=0 --stack_size=800 -i"C:/ti/ccsv6/tools/compiler/ti-cgt-arm_5.2.2/lib" -i"C:/ti/ccsv6/tools/compiler/ti-cgt-arm_5.2.2/include" --reread_libs --warn_sections --display_error_number --diag_wrap=off --xml_link_info="StepperExperiments_linkInfo.xml" --rom_model -o "StepperExperiments.out" "./main.obj" "./tm4c123gh6pm_startup_ccs.obj" "./libraries/MIL_LCD_lib.obj" "./libraries/tivaUtils.obj" "C:/ti/TivaWare_C_Series-2.1.4.178/driverlib/ccs/Debug/driverlib.lib" "../tm4c123gh6pm.cmd"  -l"libc.a" 
<Linking>
'Finished building target: StepperExperiments.out'
' '

**** Build Finished ****

**** Build of configuration Debug for project StepperExperiments ****

"C:\\ti\\ccsv6\\utils\\bin\\gmake" -k all 
'Building file: ../main.c'
'Invoking: ARM Compiler'
"C:/ti/ccsv6/tools/compiler/ti-cgt-arm_5.2.2/bin/armcl" -mv7M4 --code_state=16 --float_support=FPv4SPD16 --abi=eabi -me --include_path="C:/ti/ccsv6/tools/compiler/ti-cgt-arm_5.2.2/include" --include_path="X:/My Documents/Micro 2 files/micro2-repository-workspace/r-tiles-dev/custom-libraries" --include_path="C:/ti/TivaWare_C_Series-2.1.4.178" -g --gcc --define=ccs="ccs" --define=PART_TM4C123GH6PM --display_error_number --diag_warning=225 --diag_wrap=off --preproc_with_compile --preproc_dependency="main.pp"  "../main.c"
'Finished building: ../main.c'
' '
'Building target: StepperExperiments.out'
'Invoking: ARM Linker'
"C:/ti/ccsv6/tools/compiler/ti-cgt-arm_5.2.2/bin/armcl" -mv7M4 --code_state=16 --float_support=FPv4SPD16 --abi=eabi -me -g --gcc --define=ccs="ccs" --define=PART_TM4C123GH6PM --display_error_number --diag_warning=225 --diag_wrap=off -z -m"StepperExperiments.map" --heap_size=0 --stack_size=800 -i"C:/ti/ccsv6/tools/compiler/ti-cgt-arm_5.2.2/lib" -i"C:/ti/ccsv6/tools/compiler/ti-cgt-arm_5.2.2/include" --reread_libs --warn_sections --display_error_number --diag_wrap=off --xml_link_info="StepperExperiments_linkInfo.xml" --rom_model -o "StepperExperiments.out" "./main.obj" "./tm4c123gh6pm_startup_ccs.obj" "./libraries/MIL_LCD_lib.obj" "./libraries/tivaUtils.obj" "C:/ti/TivaWare_C_Series-2.1.4.178/driverlib/ccs/Debug/driverlib.lib" "../tm4c123gh6pm.cmd"  -l"libc.a" 
<Linking>
'Finished building target: StepperExperiments.out'
' '

**** Build Finished ****

**** Build of configuration Debug for project StepperExperiments ****

"C:\\ti\\ccsv6\\utils\\bin\\gmake" -k all 
'Building file: ../main.c'
'Invoking: ARM Compiler'
"C:/ti/ccsv6/tools/compiler/ti-cgt-arm_5.2.2/bin/armcl" -mv7M4 --code_state=16 --float_support=FPv4SPD16 --abi=eabi -me --include_path="C:/ti/ccsv6/tools/compiler/ti-cgt-arm_5.2.2/include" --include_path="X:/My Documents/Micro 2 files/micro2-repository-workspace/r-tiles-dev/custom-libraries" --include_path="C:/ti/TivaWare_C_Series-2.1.4.178" -g --gcc --define=ccs="ccs" --define=PART_TM4C123GH6PM --display_error_number --diag_warning=225 --diag_wrap=off --preproc_with_compile --preproc_dependency="main.pp"  "../main.c"
'Finished building: ../main.c'
' '
'Building target: StepperExperiments.out'
'Invoking: ARM Linker'
"C:/ti/ccsv6/tools/compiler/ti-cgt-arm_5.2.2/bin/armcl" -mv7M4 --code_state=16 --float_support=FPv4SPD16 --abi=eabi -me -g --gcc --define=ccs="ccs" --define=PART_TM4C123GH6PM --display_error_number --diag_warning=225 --diag_wrap=off -z -m"StepperExperiments.map" --heap_size=0 --stack_size=800 -i"C:/ti/ccsv6/tools/compiler/ti-cgt-arm_5.2.2/lib" -i"C:/ti/ccsv6/tools/compiler/ti-cgt-arm_5.2.2/include" --reread_libs --warn_sections --display_error_number --diag_wrap=off --xml_link_info="StepperExperiments_linkInfo.xml" --rom_model -o "StepperExperiments.out" "./main.obj" "./tm4c123gh6pm_startup_ccs.obj" "./libraries/MIL_LCD_lib.obj" "./libraries/tivaUtils.obj" "C:/ti/TivaWare_C_Series-2.1.4.178/driverlib/ccs/Debug/driverlib.lib" "../tm4c123gh6pm.cmd"  -l"libc.a" 
<Linking>
'Finished building target: StepperExperiments.out'
' '

**** Build Finished ****

**** Build of configuration Debug for project StepperExperiments ****

"C:\\ti\\ccsv6\\utils\\bin\\gmake" -k all 
'Building file: ../main.c'
'Invoking: ARM Compiler'
"C:/ti/ccsv6/tools/compiler/ti-cgt-arm_5.2.2/bin/armcl" -mv7M4 --code_state=16 --float_support=FPv4SPD16 --abi=eabi -me --include_path="C:/ti/ccsv6/tools/compiler/ti-cgt-arm_5.2.2/include" --include_path="X:/My Documents/Micro 2 files/micro2-repository-workspace/r-tiles-dev/custom-libraries" --include_path="C:/ti/TivaWare_C_Series-2.1.4.178" -g --gcc --define=ccs="ccs" --define=PART_TM4C123GH6PM --display_error_number --diag_warning=225 --diag_wrap=off --preproc_with_compile --preproc_dependency="main.pp"  "../main.c"
'Finished building: ../main.c'
' '
'Building target: StepperExperiments.out'
'Invoking: ARM Linker'
"C:/ti/ccsv6/tools/compiler/ti-cgt-arm_5.2.2/bin/armcl" -mv7M4 --code_state=16 --float_support=FPv4SPD16 --abi=eabi -me -g --gcc --define=ccs="ccs" --define=PART_TM4C123GH6PM --display_error_number --diag_warning=225 --diag_wrap=off -z -m"StepperExperiments.map" --heap_size=0 --stack_size=800 -i"C:/ti/ccsv6/tools/compiler/ti-cgt-arm_5.2.2/lib" -i"C:/ti/ccsv6/tools/compiler/ti-cgt-arm_5.2.2/include" --reread_libs --warn_sections --display_error_number --diag_wrap=off --xml_link_info="StepperExperiments_linkInfo.xml" --rom_model -o "StepperExperiments.out" "./main.obj" "./tm4c123gh6pm_startup_ccs.obj" "./libraries/MIL_LCD_lib.obj" "./libraries/tivaUtils.obj" "C:/ti/TivaWare_C_Series-2.1.4.178/driverlib/ccs/Debug/driverlib.lib" "../tm4c123gh6pm.cmd"  -l"libc.a" 
<Linking>
'Finished building target: StepperExperiments.out'
' '

**** Build Finished ****

**** Build of configuration Debug for project StepperExperiments ****

"C:\\ti\\ccsv6\\utils\\bin\\gmake" -k all 
'Building file: ../main.c'
'Invoking: ARM Compiler'
"C:/ti/ccsv6/tools/compiler/ti-cgt-arm_5.2.2/bin/armcl" -mv7M4 --code_state=16 --float_support=FPv4SPD16 --abi=eabi -me --include_path="C:/ti/ccsv6/tools/compiler/ti-cgt-arm_5.2.2/include" --include_path="X:/My Documents/Micro 2 files/micro2-repository-workspace/r-tiles-dev/custom-libraries" --include_path="C:/ti/TivaWare_C_Series-2.1.4.178" -g --gcc --define=ccs="ccs" --define=PART_TM4C123GH6PM --display_error_number --diag_warning=225 --diag_wrap=off --preproc_with_compile --preproc_dependency="main.pp"  "../main.c"
'Finished building: ../main.c'
' '
'Building target: StepperExperiments.out'
'Invoking: ARM Linker'
"C:/ti/ccsv6/tools/compiler/ti-cgt-arm_5.2.2/bin/armcl" -mv7M4 --code_state=16 --float_support=FPv4SPD16 --abi=eabi -me -g --gcc --define=ccs="ccs" --define=PART_TM4C123GH6PM --display_error_number --diag_warning=225 --diag_wrap=off -z -m"StepperExperiments.map" --heap_size=0 --stack_size=800 -i"C:/ti/ccsv6/tools/compiler/ti-cgt-arm_5.2.2/lib" -i"C:/ti/ccsv6/tools/compiler/ti-cgt-arm_5.2.2/include" --reread_libs --warn_sections --display_error_number --diag_wrap=off --xml_link_info="StepperExperiments_linkInfo.xml" --rom_model -o "StepperExperiments.out" "./main.obj" "./tm4c123gh6pm_startup_ccs.obj" "./libraries/MIL_LCD_lib.obj" "./libraries/tivaUtils.obj" "C:/ti/TivaWare_C_Series-2.1.4.178/driverlib/ccs/Debug/driverlib.lib" "../tm4c123gh6pm.cmd"  -l"libc.a" 
<Linking>
'Finished building target: StepperExperiments.out'
' '

**** Build Finished ****

**** Build of configuration Debug for project StepperExperiments ****

"C:\\ti\\ccsv6\\utils\\bin\\gmake" -k all 
'Building file: ../main.c'
'Invoking: ARM Compiler'
"C:/ti/ccsv6/tools/compiler/ti-cgt-arm_5.2.2/bin/armcl" -mv7M4 --code_state=16 --float_support=FPv4SPD16 --abi=eabi -me --include_path="C:/ti/ccsv6/tools/compiler/ti-cgt-arm_5.2.2/include" --include_path="X:/My Documents/Micro 2 files/micro2-repository-workspace/r-tiles-dev/custom-libraries" --include_path="C:/ti/TivaWare_C_Series-2.1.4.178" -g --gcc --define=ccs="ccs" --define=PART_TM4C123GH6PM --display_error_number --diag_warning=225 --diag_wrap=off --preproc_with_compile --preproc_dependency="main.pp"  "../main.c"
'Finished building: ../main.c'
' '
'Building target: StepperExperiments.out'
'Invoking: ARM Linker'
"C:/ti/ccsv6/tools/compiler/ti-cgt-arm_5.2.2/bin/armcl" -mv7M4 --code_state=16 --float_support=FPv4SPD16 --abi=eabi -me -g --gcc --define=ccs="ccs" --define=PART_TM4C123GH6PM --display_error_number --diag_warning=225 --diag_wrap=off -z -m"StepperExperiments.map" --heap_size=0 --stack_size=800 -i"C:/ti/ccsv6/tools/compiler/ti-cgt-arm_5.2.2/lib" -i"C:/ti/ccsv6/tools/compiler/ti-cgt-arm_5.2.2/include" --reread_libs --warn_sections --display_error_number --diag_wrap=off --xml_link_info="StepperExperiments_linkInfo.xml" --rom_model -o "StepperExperiments.out" "./main.obj" "./tm4c123gh6pm_startup_ccs.obj" "./libraries/MIL_LCD_lib.obj" "./libraries/tivaUtils.obj" "C:/ti/TivaWare_C_Series-2.1.4.178/driverlib/ccs/Debug/driverlib.lib" "../tm4c123gh6pm.cmd"  -l"libc.a" 
<Linking>
'Finished building target: StepperExperiments.out'
' '

**** Build Finished ****

**** Build of configuration Debug for project StepperExperiments ****

"C:\\ti\\ccsv6\\utils\\bin\\gmake" -k all 
'Building file: ../main.c'
'Invoking: ARM Compiler'
"C:/ti/ccsv6/tools/compiler/ti-cgt-arm_5.2.2/bin/armcl" -mv7M4 --code_state=16 --float_support=FPv4SPD16 --abi=eabi -me --include_path="C:/ti/ccsv6/tools/compiler/ti-cgt-arm_5.2.2/include" --include_path="X:/My Documents/Micro 2 files/micro2-repository-workspace/r-tiles-dev/custom-libraries" --include_path="C:/ti/TivaWare_C_Series-2.1.4.178" -g --gcc --define=ccs="ccs" --define=PART_TM4C123GH6PM --display_error_number --diag_warning=225 --diag_wrap=off --preproc_with_compile --preproc_dependency="main.pp"  "../main.c"
'Finished building: ../main.c'
' '
'Building target: StepperExperiments.out'
'Invoking: ARM Linker'
"C:/ti/ccsv6/tools/compiler/ti-cgt-arm_5.2.2/bin/armcl" -mv7M4 --code_state=16 --float_support=FPv4SPD16 --abi=eabi -me -g --gcc --define=ccs="ccs" --define=PART_TM4C123GH6PM --display_error_number --diag_warning=225 --diag_wrap=off -z -m"StepperExperiments.map" --heap_size=0 --stack_size=800 -i"C:/ti/ccsv6/tools/compiler/ti-cgt-arm_5.2.2/lib" -i"C:/ti/ccsv6/tools/compiler/ti-cgt-arm_5.2.2/include" --reread_libs --warn_sections --display_error_number --diag_wrap=off --xml_link_info="StepperExperiments_linkInfo.xml" --rom_model -o "StepperExperiments.out" "./main.obj" "./tm4c123gh6pm_startup_ccs.obj" "./libraries/MIL_LCD_lib.obj" "./libraries/tivaUtils.obj" "C:/ti/TivaWare_C_Series-2.1.4.178/driverlib/ccs/Debug/driverlib.lib" "../tm4c123gh6pm.cmd"  -l"libc.a" 
<Linking>
'Finished building target: StepperExperiments.out'
' '

**** Build Finished ****

**** Build of configuration Debug for project StepperExperiments ****

"C:\\ti\\ccsv6\\utils\\bin\\gmake" -k all 
'Building file: ../main.c'
'Invoking: ARM Compiler'
"C:/ti/ccsv6/tools/compiler/ti-cgt-arm_5.2.2/bin/armcl" -mv7M4 --code_state=16 --float_support=FPv4SPD16 --abi=eabi -me --include_path="C:/ti/ccsv6/tools/compiler/ti-cgt-arm_5.2.2/include" --include_path="X:/My Documents/Micro 2 files/micro2-repository-workspace/r-tiles-dev/custom-libraries" --include_path="C:/ti/TivaWare_C_Series-2.1.4.178" -g --gcc --define=ccs="ccs" --define=PART_TM4C123GH6PM --display_error_number --diag_warning=225 --diag_wrap=off --preproc_with_compile --preproc_dependency="main.pp"  "../main.c"
'Finished building: ../main.c'
' '
'Building target: StepperExperiments.out'
'Invoking: ARM Linker'
"C:/ti/ccsv6/tools/compiler/ti-cgt-arm_5.2.2/bin/armcl" -mv7M4 --code_state=16 --float_support=FPv4SPD16 --abi=eabi -me -g --gcc --define=ccs="ccs" --define=PART_TM4C123GH6PM --display_error_number --diag_warning=225 --diag_wrap=off -z -m"StepperExperiments.map" --heap_size=0 --stack_size=800 -i"C:/ti/ccsv6/tools/compiler/ti-cgt-arm_5.2.2/lib" -i"C:/ti/ccsv6/tools/compiler/ti-cgt-arm_5.2.2/include" --reread_libs --warn_sections --display_error_number --diag_wrap=off --xml_link_info="StepperExperiments_linkInfo.xml" --rom_model -o "StepperExperiments.out" "./main.obj" "./tm4c123gh6pm_startup_ccs.obj" "./libraries/MIL_LCD_lib.obj" "./libraries/tivaUtils.obj" "C:/ti/TivaWare_C_Series-2.1.4.178/driverlib/ccs/Debug/driverlib.lib" "../tm4c123gh6pm.cmd"  -l"libc.a" 
<Linking>
'Finished building target: StepperExperiments.out'
' '

**** Build Finished ****

**** Build of configuration Debug for project StepperExperiments ****

"C:\\ti\\ccsv6\\utils\\bin\\gmake" -k all 
'Building file: ../main.c'
'Invoking: ARM Compiler'
"C:/ti/ccsv6/tools/compiler/ti-cgt-arm_5.2.2/bin/armcl" -mv7M4 --code_state=16 --float_support=FPv4SPD16 --abi=eabi -me --include_path="C:/ti/ccsv6/tools/compiler/ti-cgt-arm_5.2.2/include" --include_path="X:/My Documents/Micro 2 files/micro2-repository-workspace/r-tiles-dev/custom-libraries" --include_path="C:/ti/TivaWare_C_Series-2.1.4.178" -g --gcc --define=ccs="ccs" --define=PART_TM4C123GH6PM --display_error_number --diag_warning=225 --diag_wrap=off --preproc_with_compile --preproc_dependency="main.pp"  "../main.c"
'Finished building: ../main.c'
' '
'Building target: StepperExperiments.out'
'Invoking: ARM Linker'
"C:/ti/ccsv6/tools/compiler/ti-cgt-arm_5.2.2/bin/armcl" -mv7M4 --code_state=16 --float_support=FPv4SPD16 --abi=eabi -me -g --gcc --define=ccs="ccs" --define=PART_TM4C123GH6PM --display_error_number --diag_warning=225 --diag_wrap=off -z -m"StepperExperiments.map" --heap_size=0 --stack_size=800 -i"C:/ti/ccsv6/tools/compiler/ti-cgt-arm_5.2.2/lib" -i"C:/ti/ccsv6/tools/compiler/ti-cgt-arm_5.2.2/include" --reread_libs --warn_sections --display_error_number --diag_wrap=off --xml_link_info="StepperExperiments_linkInfo.xml" --rom_model -o "StepperExperiments.out" "./main.obj" "./tm4c123gh6pm_startup_ccs.obj" "./libraries/MIL_LCD_lib.obj" "./libraries/tivaUtils.obj" "C:/ti/TivaWare_C_Series-2.1.4.178/driverlib/ccs/Debug/driverlib.lib" "../tm4c123gh6pm.cmd"  -l"libc.a" 
<Linking>
'Finished building target: StepperExperiments.out'
' '

**** Build Finished ****

**** Build of configuration Debug for project StepperExperiments ****

"C:\\ti\\ccsv6\\utils\\bin\\gmake" -k all 
'Building file: ../main.c'
'Invoking: ARM Compiler'
"C:/ti/ccsv6/tools/compiler/ti-cgt-arm_5.2.2/bin/armcl" -mv7M4 --code_state=16 --float_support=FPv4SPD16 --abi=eabi -me --include_path="C:/ti/ccsv6/tools/compiler/ti-cgt-arm_5.2.2/include" --include_path="X:/My Documents/Micro 2 files/micro2-repository-workspace/r-tiles-dev/custom-libraries" --include_path="C:/ti/TivaWare_C_Series-2.1.4.178" -g --gcc --define=ccs="ccs" --define=PART_TM4C123GH6PM --display_error_number --diag_warning=225 --diag_wrap=off --preproc_with_compile --preproc_dependency="main.pp"  "../main.c"
'Finished building: ../main.c'
' '
'Building target: StepperExperiments.out'
'Invoking: ARM Linker'
"C:/ti/ccsv6/tools/compiler/ti-cgt-arm_5.2.2/bin/armcl" -mv7M4 --code_state=16 --float_support=FPv4SPD16 --abi=eabi -me -g --gcc --define=ccs="ccs" --define=PART_TM4C123GH6PM --display_error_number --diag_warning=225 --diag_wrap=off -z -m"StepperExperiments.map" --heap_size=0 --stack_size=800 -i"C:/ti/ccsv6/tools/compiler/ti-cgt-arm_5.2.2/lib" -i"C:/ti/ccsv6/tools/compiler/ti-cgt-arm_5.2.2/include" --reread_libs --warn_sections --display_error_number --diag_wrap=off --xml_link_info="StepperExperiments_linkInfo.xml" --rom_model -o "StepperExperiments.out" "./main.obj" "./tm4c123gh6pm_startup_ccs.obj" "./libraries/MIL_LCD_lib.obj" "./libraries/tivaUtils.obj" "C:/ti/TivaWare_C_Series-2.1.4.178/driverlib/ccs/Debug/driverlib.lib" "../tm4c123gh6pm.cmd"  -l"libc.a" 
<Linking>
'Finished building target: StepperExperiments.out'
' '

**** Build Finished ****

**** Build of configuration Debug for project StepperExperiments ****

"C:\\ti\\ccsv6\\utils\\bin\\gmake" -k all 
'Building file: ../main.c'
'Invoking: ARM Compiler'
"C:/ti/ccsv6/tools/compiler/ti-cgt-arm_5.2.2/bin/armcl" -mv7M4 --code_state=16 --float_support=FPv4SPD16 --abi=eabi -me --include_path="C:/ti/ccsv6/tools/compiler/ti-cgt-arm_5.2.2/include" --include_path="X:/My Documents/Micro 2 files/micro2-repository-workspace/r-tiles-dev/custom-libraries" --include_path="C:/ti/TivaWare_C_Series-2.1.4.178" -g --gcc --define=ccs="ccs" --define=PART_TM4C123GH6PM --display_error_number --diag_warning=225 --diag_wrap=off --preproc_with_compile --preproc_dependency="main.pp"  "../main.c"
"../main.c", line 76: error #66: expected a ";"
1 error detected in the compilation of "../main.c".

>> Compilation failure
gmake: *** [main.obj] Error 1
gmake: Target `all' not remade because of errors.

**** Build Finished ****

**** Build of configuration Debug for project StepperExperiments ****

"C:\\ti\\ccsv6\\utils\\bin\\gmake" -k all 
'Building file: ../main.c'
'Invoking: ARM Compiler'
"C:/ti/ccsv6/tools/compiler/ti-cgt-arm_5.2.2/bin/armcl" -mv7M4 --code_state=16 --float_support=FPv4SPD16 --abi=eabi -me --include_path="C:/ti/ccsv6/tools/compiler/ti-cgt-arm_5.2.2/include" --include_path="X:/My Documents/Micro 2 files/micro2-repository-workspace/r-tiles-dev/custom-libraries" --include_path="C:/ti/TivaWare_C_Series-2.1.4.178" -g --gcc --define=ccs="ccs" --define=PART_TM4C123GH6PM --display_error_number --diag_warning=225 --diag_wrap=off --preproc_with_compile --preproc_dependency="main.pp"  "../main.c"
'Finished building: ../main.c'
' '
'Building target: StepperExperiments.out'
'Invoking: ARM Linker'
"C:/ti/ccsv6/tools/compiler/ti-cgt-arm_5.2.2/bin/armcl" -mv7M4 --code_state=16 --float_support=FPv4SPD16 --abi=eabi -me -g --gcc --define=ccs="ccs" --define=PART_TM4C123GH6PM --display_error_number --diag_warning=225 --diag_wrap=off -z -m"StepperExperiments.map" --heap_size=0 --stack_size=800 -i"C:/ti/ccsv6/tools/compiler/ti-cgt-arm_5.2.2/lib" -i"C:/ti/ccsv6/tools/compiler/ti-cgt-arm_5.2.2/include" --reread_libs --warn_sections --display_error_number --diag_wrap=off --xml_link_info="StepperExperiments_linkInfo.xml" --rom_model -o "StepperExperiments.out" "./main.obj" "./tm4c123gh6pm_startup_ccs.obj" "./libraries/MIL_LCD_lib.obj" "./libraries/tivaUtils.obj" "C:/ti/TivaWare_C_Series-2.1.4.178/driverlib/ccs/Debug/driverlib.lib" "../tm4c123gh6pm.cmd"  -l"libc.a" 
<Linking>
'Finished building target: StepperExperiments.out'
' '

**** Build Finished ****

**** Build of configuration Debug for project StepperExperiments ****

"C:\\ti\\ccsv6\\utils\\bin\\gmake" -k all 
'Building file: ../main.c'
'Invoking: ARM Compiler'
"C:/ti/ccsv6/tools/compiler/ti-cgt-arm_5.2.2/bin/armcl" -mv7M4 --code_state=16 --float_support=FPv4SPD16 --abi=eabi -me --include_path="C:/ti/ccsv6/tools/compiler/ti-cgt-arm_5.2.2/include" --include_path="X:/My Documents/Micro 2 files/micro2-repository-workspace/r-tiles-dev/custom-libraries" --include_path="C:/ti/TivaWare_C_Series-2.1.4.178" -g --gcc --define=ccs="ccs" --define=PART_TM4C123GH6PM --display_error_number --diag_warning=225 --diag_wrap=off --preproc_with_compile --preproc_dependency="main.pp"  "../main.c"
'Finished building: ../main.c'
' '
'Building target: StepperExperiments.out'
'Invoking: ARM Linker'
"C:/ti/ccsv6/tools/compiler/ti-cgt-arm_5.2.2/bin/armcl" -mv7M4 --code_state=16 --float_support=FPv4SPD16 --abi=eabi -me -g --gcc --define=ccs="ccs" --define=PART_TM4C123GH6PM --display_error_number --diag_warning=225 --diag_wrap=off -z -m"StepperExperiments.map" --heap_size=0 --stack_size=800 -i"C:/ti/ccsv6/tools/compiler/ti-cgt-arm_5.2.2/lib" -i"C:/ti/ccsv6/tools/compiler/ti-cgt-arm_5.2.2/include" --reread_libs --warn_sections --display_error_number --diag_wrap=off --xml_link_info="StepperExperiments_linkInfo.xml" --rom_model -o "StepperExperiments.out" "./main.obj" "./tm4c123gh6pm_startup_ccs.obj" "./libraries/MIL_LCD_lib.obj" "./libraries/tivaUtils.obj" "C:/ti/TivaWare_C_Series-2.1.4.178/driverlib/ccs/Debug/driverlib.lib" "../tm4c123gh6pm.cmd"  -l"libc.a" 
<Linking>
'Finished building target: StepperExperiments.out'
' '

**** Build Finished ****

**** Build of configuration Debug for project StepperExperiments ****

"C:\\ti\\ccsv6\\utils\\bin\\gmake" -k all 
'Building file: ../main.c'
'Invoking: ARM Compiler'
"C:/ti/ccsv6/tools/compiler/ti-cgt-arm_5.2.2/bin/armcl" -mv7M4 --code_state=16 --float_support=FPv4SPD16 --abi=eabi -me --include_path="C:/ti/ccsv6/tools/compiler/ti-cgt-arm_5.2.2/include" --include_path="X:/My Documents/Micro 2 files/micro2-repository-workspace/r-tiles-dev/custom-libraries" --include_path="C:/ti/TivaWare_C_Series-2.1.4.178" -g --gcc --define=ccs="ccs" --define=PART_TM4C123GH6PM --display_error_number --diag_warning=225 --diag_wrap=off --preproc_with_compile --preproc_dependency="main.pp"  "../main.c"
'Finished building: ../main.c'
' '
'Building target: StepperExperiments.out'
'Invoking: ARM Linker'
"C:/ti/ccsv6/tools/compiler/ti-cgt-arm_5.2.2/bin/armcl" -mv7M4 --code_state=16 --float_support=FPv4SPD16 --abi=eabi -me -g --gcc --define=ccs="ccs" --define=PART_TM4C123GH6PM --display_error_number --diag_warning=225 --diag_wrap=off -z -m"StepperExperiments.map" --heap_size=0 --stack_size=800 -i"C:/ti/ccsv6/tools/compiler/ti-cgt-arm_5.2.2/lib" -i"C:/ti/ccsv6/tools/compiler/ti-cgt-arm_5.2.2/include" --reread_libs --warn_sections --display_error_number --diag_wrap=off --xml_link_info="StepperExperiments_linkInfo.xml" --rom_model -o "StepperExperiments.out" "./main.obj" "./tm4c123gh6pm_startup_ccs.obj" "./libraries/MIL_LCD_lib.obj" "./libraries/tivaUtils.obj" "C:/ti/TivaWare_C_Series-2.1.4.178/driverlib/ccs/Debug/driverlib.lib" "../tm4c123gh6pm.cmd"  -l"libc.a" 
<Linking>
'Finished building target: StepperExperiments.out'
' '

**** Build Finished ****

**** Build of configuration Debug for project StepperExperiments ****

"C:\\ti\\ccsv6\\utils\\bin\\gmake" -k all 
'Building file: ../main.c'
'Invoking: ARM Compiler'
"C:/ti/ccsv6/tools/compiler/ti-cgt-arm_5.2.2/bin/armcl" -mv7M4 --code_state=16 --float_support=FPv4SPD16 --abi=eabi -me --include_path="C:/ti/ccsv6/tools/compiler/ti-cgt-arm_5.2.2/include" --include_path="X:/My Documents/Micro 2 files/micro2-repository-workspace/r-tiles-dev/custom-libraries" --include_path="C:/ti/TivaWare_C_Series-2.1.4.178" -g --gcc --define=ccs="ccs" --define=PART_TM4C123GH6PM --display_error_number --diag_warning=225 --diag_wrap=off --preproc_with_compile --preproc_dependency="main.pp"  "../main.c"
'Finished building: ../main.c'
' '
'Building target: StepperExperiments.out'
'Invoking: ARM Linker'
"C:/ti/ccsv6/tools/compiler/ti-cgt-arm_5.2.2/bin/armcl" -mv7M4 --code_state=16 --float_support=FPv4SPD16 --abi=eabi -me -g --gcc --define=ccs="ccs" --define=PART_TM4C123GH6PM --display_error_number --diag_warning=225 --diag_wrap=off -z -m"StepperExperiments.map" --heap_size=0 --stack_size=800 -i"C:/ti/ccsv6/tools/compiler/ti-cgt-arm_5.2.2/lib" -i"C:/ti/ccsv6/tools/compiler/ti-cgt-arm_5.2.2/include" --reread_libs --warn_sections --display_error_number --diag_wrap=off --xml_link_info="StepperExperiments_linkInfo.xml" --rom_model -o "StepperExperiments.out" "./main.obj" "./tm4c123gh6pm_startup_ccs.obj" "./libraries/MIL_LCD_lib.obj" "./libraries/tivaUtils.obj" "C:/ti/TivaWare_C_Series-2.1.4.178/driverlib/ccs/Debug/driverlib.lib" "../tm4c123gh6pm.cmd"  -l"libc.a" 
<Linking>
'Finished building target: StepperExperiments.out'
' '

**** Build Finished ****

**** Build of configuration Debug for project StepperExperiments ****

"C:\\ti\\ccsv6\\utils\\bin\\gmake" -k all 
gmake: Nothing to be done for `all'.

**** Build Finished ****

**** Build of configuration Debug for project StepperExperiments ****

"C:\\ti\\ccsv6\\utils\\bin\\gmake" -k all 
'Building file: ../main.c'
'Invoking: ARM Compiler'
"C:/ti/ccsv6/tools/compiler/ti-cgt-arm_5.2.2/bin/armcl" -mv7M4 --code_state=16 --float_support=FPv4SPD16 --abi=eabi -me --include_path="C:/ti/ccsv6/tools/compiler/ti-cgt-arm_5.2.2/include" --include_path="X:/My Documents/Micro 2 files/micro2-repository-workspace/r-tiles-dev/custom-libraries" --include_path="C:/ti/TivaWare_C_Series-2.1.4.178" -g --gcc --define=ccs="ccs" --define=PART_TM4C123GH6PM --display_error_number --diag_warning=225 --diag_wrap=off --preproc_with_compile --preproc_dependency="main.pp"  "../main.c"
'Finished building: ../main.c'
' '
'Building target: StepperExperiments.out'
'Invoking: ARM Linker'
"C:/ti/ccsv6/tools/compiler/ti-cgt-arm_5.2.2/bin/armcl" -mv7M4 --code_state=16 --float_support=FPv4SPD16 --abi=eabi -me -g --gcc --define=ccs="ccs" --define=PART_TM4C123GH6PM --display_error_number --diag_warning=225 --diag_wrap=off -z -m"StepperExperiments.map" --heap_size=0 --stack_size=800 -i"C:/ti/ccsv6/tools/compiler/ti-cgt-arm_5.2.2/lib" -i"C:/ti/ccsv6/tools/compiler/ti-cgt-arm_5.2.2/include" --reread_libs --warn_sections --display_error_number --diag_wrap=off --xml_link_info="StepperExperiments_linkInfo.xml" --rom_model -o "StepperExperiments.out" "./main.obj" "./tm4c123gh6pm_startup_ccs.obj" "./libraries/MIL_LCD_lib.obj" "./libraries/tivaUtils.obj" "C:/ti/TivaWare_C_Series-2.1.4.178/driverlib/ccs/Debug/driverlib.lib" "../tm4c123gh6pm.cmd"  -l"libc.a" 
<Linking>
'Finished building target: StepperExperiments.out'
' '

**** Build Finished ****

**** Build of configuration Debug for project StepperExperiments ****

"C:\\ti\\ccsv6\\utils\\bin\\gmake" -k all 
'Building file: ../main.c'
'Invoking: ARM Compiler'
"C:/ti/ccsv6/tools/compiler/ti-cgt-arm_5.2.2/bin/armcl" -mv7M4 --code_state=16 --float_support=FPv4SPD16 --abi=eabi -me --include_path="C:/ti/ccsv6/tools/compiler/ti-cgt-arm_5.2.2/include" --include_path="X:/My Documents/Micro 2 files/micro2-repository-workspace/r-tiles-dev/custom-libraries" --include_path="C:/ti/TivaWare_C_Series-2.1.4.178" -g --gcc --define=ccs="ccs" --define=PART_TM4C123GH6PM --display_error_number --diag_warning=225 --diag_wrap=off --preproc_with_compile --preproc_dependency="main.pp"  "../main.c"
'Finished building: ../main.c'
' '
'Building target: StepperExperiments.out'
'Invoking: ARM Linker'
"C:/ti/ccsv6/tools/compiler/ti-cgt-arm_5.2.2/bin/armcl" -mv7M4 --code_state=16 --float_support=FPv4SPD16 --abi=eabi -me -g --gcc --define=ccs="ccs" --define=PART_TM4C123GH6PM --display_error_number --diag_warning=225 --diag_wrap=off -z -m"StepperExperiments.map" --heap_size=0 --stack_size=800 -i"C:/ti/ccsv6/tools/compiler/ti-cgt-arm_5.2.2/lib" -i"C:/ti/ccsv6/tools/compiler/ti-cgt-arm_5.2.2/include" --reread_libs --warn_sections --display_error_number --diag_wrap=off --xml_link_info="StepperExperiments_linkInfo.xml" --rom_model -o "StepperExperiments.out" "./main.obj" "./tm4c123gh6pm_startup_ccs.obj" "./libraries/MIL_LCD_lib.obj" "./libraries/tivaUtils.obj" "C:/ti/TivaWare_C_Series-2.1.4.178/driverlib/ccs/Debug/driverlib.lib" "../tm4c123gh6pm.cmd"  -l"libc.a" 
<Linking>
'Finished building target: StepperExperiments.out'
' '

**** Build Finished ****

**** Build of configuration Debug for project StepperExperiments ****

"C:\\ti\\ccsv6\\utils\\bin\\gmake" -k all 
'Building file: ../main.c'
'Invoking: ARM Compiler'
"C:/ti/ccsv6/tools/compiler/ti-cgt-arm_5.2.2/bin/armcl" -mv7M4 --code_state=16 --float_support=FPv4SPD16 --abi=eabi -me --include_path="C:/ti/ccsv6/tools/compiler/ti-cgt-arm_5.2.2/include" --include_path="X:/My Documents/Micro 2 files/micro2-repository-workspace/r-tiles-dev/custom-libraries" --include_path="C:/ti/TivaWare_C_Series-2.1.4.178" -g --gcc --define=ccs="ccs" --define=PART_TM4C123GH6PM --display_error_number --diag_warning=225 --diag_wrap=off --preproc_with_compile --preproc_dependency="main.pp"  "../main.c"
'Finished building: ../main.c'
' '
'Building target: StepperExperiments.out'
'Invoking: ARM Linker'
"C:/ti/ccsv6/tools/compiler/ti-cgt-arm_5.2.2/bin/armcl" -mv7M4 --code_state=16 --float_support=FPv4SPD16 --abi=eabi -me -g --gcc --define=ccs="ccs" --define=PART_TM4C123GH6PM --display_error_number --diag_warning=225 --diag_wrap=off -z -m"StepperExperiments.map" --heap_size=0 --stack_size=800 -i"C:/ti/ccsv6/tools/compiler/ti-cgt-arm_5.2.2/lib" -i"C:/ti/ccsv6/tools/compiler/ti-cgt-arm_5.2.2/include" --reread_libs --warn_sections --display_error_number --diag_wrap=off --xml_link_info="StepperExperiments_linkInfo.xml" --rom_model -o "StepperExperiments.out" "./main.obj" "./tm4c123gh6pm_startup_ccs.obj" "./libraries/MIL_LCD_lib.obj" "./libraries/tivaUtils.obj" "C:/ti/TivaWare_C_Series-2.1.4.178/driverlib/ccs/Debug/driverlib.lib" "../tm4c123gh6pm.cmd"  -l"libc.a" 
<Linking>
'Finished building target: StepperExperiments.out'
' '

**** Build Finished ****

**** Build of configuration Debug for project StepperExperiments ****

"C:\\ti\\ccsv6\\utils\\bin\\gmake" -k all 
'Building file: ../main.c'
'Invoking: ARM Compiler'
"C:/ti/ccsv6/tools/compiler/ti-cgt-arm_5.2.2/bin/armcl" -mv7M4 --code_state=16 --float_support=FPv4SPD16 --abi=eabi -me --include_path="C:/ti/ccsv6/tools/compiler/ti-cgt-arm_5.2.2/include" --include_path="X:/My Documents/Micro 2 files/micro2-repository-workspace/r-tiles-dev/custom-libraries" --include_path="C:/ti/TivaWare_C_Series-2.1.4.178" -g --gcc --define=ccs="ccs" --define=PART_TM4C123GH6PM --display_error_number --diag_warning=225 --diag_wrap=off --preproc_with_compile --preproc_dependency="main.pp"  "../main.c"
'Finished building: ../main.c'
' '
'Building target: StepperExperiments.out'
'Invoking: ARM Linker'
"C:/ti/ccsv6/tools/compiler/ti-cgt-arm_5.2.2/bin/armcl" -mv7M4 --code_state=16 --float_support=FPv4SPD16 --abi=eabi -me -g --gcc --define=ccs="ccs" --define=PART_TM4C123GH6PM --display_error_number --diag_warning=225 --diag_wrap=off -z -m"StepperExperiments.map" --heap_size=0 --stack_size=800 -i"C:/ti/ccsv6/tools/compiler/ti-cgt-arm_5.2.2/lib" -i"C:/ti/ccsv6/tools/compiler/ti-cgt-arm_5.2.2/include" --reread_libs --warn_sections --display_error_number --diag_wrap=off --xml_link_info="StepperExperiments_linkInfo.xml" --rom_model -o "StepperExperiments.out" "./main.obj" "./tm4c123gh6pm_startup_ccs.obj" "./libraries/MIL_LCD_lib.obj" "./libraries/tivaUtils.obj" "C:/ti/TivaWare_C_Series-2.1.4.178/driverlib/ccs/Debug/driverlib.lib" "../tm4c123gh6pm.cmd"  -l"libc.a" 
<Linking>
'Finished building target: StepperExperiments.out'
' '

**** Build Finished ****

**** Build of configuration Debug for project StepperExperiments ****

"C:\\ti\\ccsv6\\utils\\bin\\gmake" -k all 
'Building file: ../main.c'
'Invoking: ARM Compiler'
"C:/ti/ccsv6/tools/compiler/ti-cgt-arm_5.2.2/bin/armcl" -mv7M4 --code_state=16 --float_support=FPv4SPD16 --abi=eabi -me --include_path="C:/ti/ccsv6/tools/compiler/ti-cgt-arm_5.2.2/include" --include_path="X:/My Documents/Micro 2 files/micro2-repository-workspace/r-tiles-dev/custom-libraries" --include_path="C:/ti/TivaWare_C_Series-2.1.4.178" -g --gcc --define=ccs="ccs" --define=PART_TM4C123GH6PM --display_error_number --diag_warning=225 --diag_wrap=off --preproc_with_compile --preproc_dependency="main.pp"  "../main.c"
'Finished building: ../main.c'
' '
'Building target: StepperExperiments.out'
'Invoking: ARM Linker'
"C:/ti/ccsv6/tools/compiler/ti-cgt-arm_5.2.2/bin/armcl" -mv7M4 --code_state=16 --float_support=FPv4SPD16 --abi=eabi -me -g --gcc --define=ccs="ccs" --define=PART_TM4C123GH6PM --display_error_number --diag_warning=225 --diag_wrap=off -z -m"StepperExperiments.map" --heap_size=0 --stack_size=800 -i"C:/ti/ccsv6/tools/compiler/ti-cgt-arm_5.2.2/lib" -i"C:/ti/ccsv6/tools/compiler/ti-cgt-arm_5.2.2/include" --reread_libs --warn_sections --display_error_number --diag_wrap=off --xml_link_info="StepperExperiments_linkInfo.xml" --rom_model -o "StepperExperiments.out" "./main.obj" "./tm4c123gh6pm_startup_ccs.obj" "./libraries/MIL_LCD_lib.obj" "./libraries/tivaUtils.obj" "C:/ti/TivaWare_C_Series-2.1.4.178/driverlib/ccs/Debug/driverlib.lib" "../tm4c123gh6pm.cmd"  -l"libc.a" 
<Linking>
'Finished building target: StepperExperiments.out'
' '

**** Build Finished ****

**** Build of configuration Debug for project StepperExperiments ****

"C:\\ti\\ccsv6\\utils\\bin\\gmake" -k all 
'Building file: ../main.c'
'Invoking: ARM Compiler'
"C:/ti/ccsv6/tools/compiler/ti-cgt-arm_5.2.2/bin/armcl" -mv7M4 --code_state=16 --float_support=FPv4SPD16 --abi=eabi -me --include_path="C:/ti/ccsv6/tools/compiler/ti-cgt-arm_5.2.2/include" --include_path="X:/My Documents/Micro 2 files/micro2-repository-workspace/r-tiles-dev/custom-libraries" --include_path="C:/ti/TivaWare_C_Series-2.1.4.178" -g --gcc --define=ccs="ccs" --define=PART_TM4C123GH6PM --display_error_number --diag_warning=225 --diag_wrap=off --preproc_with_compile --preproc_dependency="main.pp"  "../main.c"
'Finished building: ../main.c'
' '
'Building target: StepperExperiments.out'
'Invoking: ARM Linker'
"C:/ti/ccsv6/tools/compiler/ti-cgt-arm_5.2.2/bin/armcl" -mv7M4 --code_state=16 --float_support=FPv4SPD16 --abi=eabi -me -g --gcc --define=ccs="ccs" --define=PART_TM4C123GH6PM --display_error_number --diag_warning=225 --diag_wrap=off -z -m"StepperExperiments.map" --heap_size=0 --stack_size=800 -i"C:/ti/ccsv6/tools/compiler/ti-cgt-arm_5.2.2/lib" -i"C:/ti/ccsv6/tools/compiler/ti-cgt-arm_5.2.2/include" --reread_libs --warn_sections --display_error_number --diag_wrap=off --xml_link_info="StepperExperiments_linkInfo.xml" --rom_model -o "StepperExperiments.out" "./main.obj" "./tm4c123gh6pm_startup_ccs.obj" "./libraries/MIL_LCD_lib.obj" "./libraries/tivaUtils.obj" "C:/ti/TivaWare_C_Series-2.1.4.178/driverlib/ccs/Debug/driverlib.lib" "../tm4c123gh6pm.cmd"  -l"libc.a" 
<Linking>
'Finished building target: StepperExperiments.out'
' '

**** Build Finished ****

**** Build of configuration Debug for project StepperExperiments ****

"C:\\ti\\ccsv6\\utils\\bin\\gmake" -k all 
'Building file: ../main.c'
'Invoking: ARM Compiler'
"C:/ti/ccsv6/tools/compiler/ti-cgt-arm_5.2.2/bin/armcl" -mv7M4 --code_state=16 --float_support=FPv4SPD16 --abi=eabi -me --include_path="C:/ti/ccsv6/tools/compiler/ti-cgt-arm_5.2.2/include" --include_path="X:/My Documents/Micro 2 files/micro2-repository-workspace/r-tiles-dev/custom-libraries" --include_path="C:/ti/TivaWare_C_Series-2.1.4.178" -g --gcc --define=ccs="ccs" --define=PART_TM4C123GH6PM --display_error_number --diag_warning=225 --diag_wrap=off --preproc_with_compile --preproc_dependency="main.pp"  "../main.c"
'Finished building: ../main.c'
' '
'Building target: StepperExperiments.out'
'Invoking: ARM Linker'
"C:/ti/ccsv6/tools/compiler/ti-cgt-arm_5.2.2/bin/armcl" -mv7M4 --code_state=16 --float_support=FPv4SPD16 --abi=eabi -me -g --gcc --define=ccs="ccs" --define=PART_TM4C123GH6PM --display_error_number --diag_warning=225 --diag_wrap=off -z -m"StepperExperiments.map" --heap_size=0 --stack_size=800 -i"C:/ti/ccsv6/tools/compiler/ti-cgt-arm_5.2.2/lib" -i"C:/ti/ccsv6/tools/compiler/ti-cgt-arm_5.2.2/include" --reread_libs --warn_sections --display_error_number --diag_wrap=off --xml_link_info="StepperExperiments_linkInfo.xml" --rom_model -o "StepperExperiments.out" "./main.obj" "./tm4c123gh6pm_startup_ccs.obj" "./libraries/MIL_LCD_lib.obj" "./libraries/tivaUtils.obj" "C:/ti/TivaWare_C_Series-2.1.4.178/driverlib/ccs/Debug/driverlib.lib" "../tm4c123gh6pm.cmd"  -l"libc.a" 
<Linking>
'Finished building target: StepperExperiments.out'
' '

**** Build Finished ****

**** Build of configuration Debug for project StepperExperiments ****

"C:\\ti\\ccsv6\\utils\\bin\\gmake" -k all 
'Building file: ../main.c'
'Invoking: ARM Compiler'
"C:/ti/ccsv6/tools/compiler/ti-cgt-arm_5.2.2/bin/armcl" -mv7M4 --code_state=16 --float_support=FPv4SPD16 --abi=eabi -me --include_path="C:/ti/ccsv6/tools/compiler/ti-cgt-arm_5.2.2/include" --include_path="X:/My Documents/Micro 2 files/micro2-repository-workspace/r-tiles-dev/custom-libraries" --include_path="C:/ti/TivaWare_C_Series-2.1.4.178" -g --gcc --define=ccs="ccs" --define=PART_TM4C123GH6PM --display_error_number --diag_warning=225 --diag_wrap=off --preproc_with_compile --preproc_dependency="main.pp"  "../main.c"
'Finished building: ../main.c'
' '
'Building target: StepperExperiments.out'
'Invoking: ARM Linker'
"C:/ti/ccsv6/tools/compiler/ti-cgt-arm_5.2.2/bin/armcl" -mv7M4 --code_state=16 --float_support=FPv4SPD16 --abi=eabi -me -g --gcc --define=ccs="ccs" --define=PART_TM4C123GH6PM --display_error_number --diag_warning=225 --diag_wrap=off -z -m"StepperExperiments.map" --heap_size=0 --stack_size=800 -i"C:/ti/ccsv6/tools/compiler/ti-cgt-arm_5.2.2/lib" -i"C:/ti/ccsv6/tools/compiler/ti-cgt-arm_5.2.2/include" --reread_libs --warn_sections --display_error_number --diag_wrap=off --xml_link_info="StepperExperiments_linkInfo.xml" --rom_model -o "StepperExperiments.out" "./main.obj" "./tm4c123gh6pm_startup_ccs.obj" "./libraries/MIL_LCD_lib.obj" "./libraries/tivaUtils.obj" "C:/ti/TivaWare_C_Series-2.1.4.178/driverlib/ccs/Debug/driverlib.lib" "../tm4c123gh6pm.cmd"  -l"libc.a" 
<Linking>
'Finished building target: StepperExperiments.out'
' '

**** Build Finished ****

**** Build of configuration Debug for project StepperExperiments ****

"C:\\ti\\ccsv6\\utils\\bin\\gmake" -k all 
'Building file: ../main.c'
'Invoking: ARM Compiler'
"C:/ti/ccsv6/tools/compiler/ti-cgt-arm_5.2.2/bin/armcl" -mv7M4 --code_state=16 --float_support=FPv4SPD16 --abi=eabi -me --include_path="C:/ti/ccsv6/tools/compiler/ti-cgt-arm_5.2.2/include" --include_path="X:/My Documents/Micro 2 files/micro2-repository-workspace/r-tiles-dev/custom-libraries" --include_path="C:/ti/TivaWare_C_Series-2.1.4.178" -g --gcc --define=ccs="ccs" --define=PART_TM4C123GH6PM --display_error_number --diag_warning=225 --diag_wrap=off --preproc_with_compile --preproc_dependency="main.pp"  "../main.c"
'Finished building: ../main.c'
' '
'Building target: StepperExperiments.out'
'Invoking: ARM Linker'
"C:/ti/ccsv6/tools/compiler/ti-cgt-arm_5.2.2/bin/armcl" -mv7M4 --code_state=16 --float_support=FPv4SPD16 --abi=eabi -me -g --gcc --define=ccs="ccs" --define=PART_TM4C123GH6PM --display_error_number --diag_warning=225 --diag_wrap=off -z -m"StepperExperiments.map" --heap_size=0 --stack_size=800 -i"C:/ti/ccsv6/tools/compiler/ti-cgt-arm_5.2.2/lib" -i"C:/ti/ccsv6/tools/compiler/ti-cgt-arm_5.2.2/include" --reread_libs --warn_sections --display_error_number --diag_wrap=off --xml_link_info="StepperExperiments_linkInfo.xml" --rom_model -o "StepperExperiments.out" "./main.obj" "./tm4c123gh6pm_startup_ccs.obj" "./libraries/MIL_LCD_lib.obj" "./libraries/tivaUtils.obj" "C:/ti/TivaWare_C_Series-2.1.4.178/driverlib/ccs/Debug/driverlib.lib" "../tm4c123gh6pm.cmd"  -l"libc.a" 
<Linking>
'Finished building target: StepperExperiments.out'
' '

**** Build Finished ****

**** Build of configuration Debug for project StepperExperiments ****

"C:\\ti\\ccsv6\\utils\\bin\\gmake" -k all 
'Building file: ../main.c'
'Invoking: ARM Compiler'
"C:/ti/ccsv6/tools/compiler/ti-cgt-arm_5.2.2/bin/armcl" -mv7M4 --code_state=16 --float_support=FPv4SPD16 --abi=eabi -me --include_path="C:/ti/ccsv6/tools/compiler/ti-cgt-arm_5.2.2/include" --include_path="X:/My Documents/Micro 2 files/micro2-repository-workspace/r-tiles-dev/custom-libraries" --include_path="C:/ti/TivaWare_C_Series-2.1.4.178" -g --gcc --define=ccs="ccs" --define=PART_TM4C123GH6PM --display_error_number --diag_warning=225 --diag_wrap=off --preproc_with_compile --preproc_dependency="main.pp"  "../main.c"
'Finished building: ../main.c'
' '
'Building file: //fs.ece.uprm.edu/students/s402120683/My Documents/Micro 2 files/micro2-repository-workspace/r-tiles-dev/custom-libraries/tivaUtils.c'
'Invoking: ARM Compiler'
"C:/ti/ccsv6/tools/compiler/ti-cgt-arm_5.2.2/bin/armcl" -mv7M4 --code_state=16 --float_support=FPv4SPD16 --abi=eabi -me --include_path="C:/ti/ccsv6/tools/compiler/ti-cgt-arm_5.2.2/include" --include_path="X:/My Documents/Micro 2 files/micro2-repository-workspace/r-tiles-dev/custom-libraries" --include_path="C:/ti/TivaWare_C_Series-2.1.4.178" -g --gcc --define=ccs="ccs" --define=PART_TM4C123GH6PM --display_error_number --diag_warning=225 --diag_wrap=off --preproc_with_compile --preproc_dependency="libraries/tivaUtils.pp" --obj_directory="libraries"  "//fs.ece.uprm.edu/students/s402120683/My Documents/Micro 2 files/micro2-repository-workspace/r-tiles-dev/custom-libraries/tivaUtils.c"
'Finished building: //fs.ece.uprm.edu/students/s402120683/My Documents/Micro 2 files/micro2-repository-workspace/r-tiles-dev/custom-libraries/tivaUtils.c'
' '
'Building target: StepperExperiments.out'
'Invoking: ARM Linker'
"C:/ti/ccsv6/tools/compiler/ti-cgt-arm_5.2.2/bin/armcl" -mv7M4 --code_state=16 --float_support=FPv4SPD16 --abi=eabi -me -g --gcc --define=ccs="ccs" --define=PART_TM4C123GH6PM --display_error_number --diag_warning=225 --diag_wrap=off -z -m"StepperExperiments.map" --heap_size=0 --stack_size=800 -i"C:/ti/ccsv6/tools/compiler/ti-cgt-arm_5.2.2/lib" -i"C:/ti/ccsv6/tools/compiler/ti-cgt-arm_5.2.2/include" --reread_libs --warn_sections --display_error_number --diag_wrap=off --xml_link_info="StepperExperiments_linkInfo.xml" --rom_model -o "StepperExperiments.out" "./main.obj" "./tm4c123gh6pm_startup_ccs.obj" "./libraries/MIL_LCD_lib.obj" "./libraries/tivaUtils.obj" "C:/ti/TivaWare_C_Series-2.1.4.178/driverlib/ccs/Debug/driverlib.lib" "../tm4c123gh6pm.cmd"  -l"libc.a" 
<Linking>
'Finished building target: StepperExperiments.out'
' '

**** Build Finished ****

**** Build of configuration Debug for project StepperExperiments ****

"C:\\ti\\ccsv6\\utils\\bin\\gmake" -k all 
'Building file: ../main.c'
'Invoking: ARM Compiler'
"C:/ti/ccsv6/tools/compiler/ti-cgt-arm_5.2.2/bin/armcl" -mv7M4 --code_state=16 --float_support=FPv4SPD16 --abi=eabi -me --include_path="C:/ti/ccsv6/tools/compiler/ti-cgt-arm_5.2.2/include" --include_path="X:/My Documents/Micro 2 files/micro2-repository-workspace/r-tiles-dev/custom-libraries" --include_path="C:/ti/TivaWare_C_Series-2.1.4.178" -g --gcc --define=ccs="ccs" --define=PART_TM4C123GH6PM --display_error_number --diag_warning=225 --diag_wrap=off --preproc_with_compile --preproc_dependency="main.pp"  "../main.c"
'Finished building: ../main.c'
' '
'Building target: StepperExperiments.out'
'Invoking: ARM Linker'
"C:/ti/ccsv6/tools/compiler/ti-cgt-arm_5.2.2/bin/armcl" -mv7M4 --code_state=16 --float_support=FPv4SPD16 --abi=eabi -me -g --gcc --define=ccs="ccs" --define=PART_TM4C123GH6PM --display_error_number --diag_warning=225 --diag_wrap=off -z -m"StepperExperiments.map" --heap_size=0 --stack_size=800 -i"C:/ti/ccsv6/tools/compiler/ti-cgt-arm_5.2.2/lib" -i"C:/ti/ccsv6/tools/compiler/ti-cgt-arm_5.2.2/include" --reread_libs --warn_sections --display_error_number --diag_wrap=off --xml_link_info="StepperExperiments_linkInfo.xml" --rom_model -o "StepperExperiments.out" "./main.obj" "./tm4c123gh6pm_startup_ccs.obj" "./libraries/MIL_LCD_lib.obj" "./libraries/tivaUtils.obj" "C:/ti/TivaWare_C_Series-2.1.4.178/driverlib/ccs/Debug/driverlib.lib" "../tm4c123gh6pm.cmd"  -l"libc.a" 
<Linking>
'Finished building target: StepperExperiments.out'
' '

**** Build Finished ****

**** Build of configuration Debug for project StepperExperiments ****

"C:\\ti\\ccsv6\\utils\\bin\\gmake" -k all 
'Building file: //fs.ece.uprm.edu/students/s402120683/My Documents/Micro 2 files/micro2-repository-workspace/r-tiles-dev/custom-libraries/tivaUtils.c'
'Invoking: ARM Compiler'
"C:/ti/ccsv6/tools/compiler/ti-cgt-arm_5.2.2/bin/armcl" -mv7M4 --code_state=16 --float_support=FPv4SPD16 --abi=eabi -me --include_path="C:/ti/ccsv6/tools/compiler/ti-cgt-arm_5.2.2/include" --include_path="X:/My Documents/Micro 2 files/micro2-repository-workspace/r-tiles-dev/custom-libraries" --include_path="C:/ti/TivaWare_C_Series-2.1.4.178" -g --gcc --define=ccs="ccs" --define=PART_TM4C123GH6PM --display_error_number --diag_warning=225 --diag_wrap=off --preproc_with_compile --preproc_dependency="libraries/tivaUtils.pp" --obj_directory="libraries"  "//fs.ece.uprm.edu/students/s402120683/My Documents/Micro 2 files/micro2-repository-workspace/r-tiles-dev/custom-libraries/tivaUtils.c"
'Finished building: //fs.ece.uprm.edu/students/s402120683/My Documents/Micro 2 files/micro2-repository-workspace/r-tiles-dev/custom-libraries/tivaUtils.c'
' '
'Building target: StepperExperiments.out'
'Invoking: ARM Linker'
"C:/ti/ccsv6/tools/compiler/ti-cgt-arm_5.2.2/bin/armcl" -mv7M4 --code_state=16 --float_support=FPv4SPD16 --abi=eabi -me -g --gcc --define=ccs="ccs" --define=PART_TM4C123GH6PM --display_error_number --diag_warning=225 --diag_wrap=off -z -m"StepperExperiments.map" --heap_size=0 --stack_size=800 -i"C:/ti/ccsv6/tools/compiler/ti-cgt-arm_5.2.2/lib" -i"C:/ti/ccsv6/tools/compiler/ti-cgt-arm_5.2.2/include" --reread_libs --warn_sections --display_error_number --diag_wrap=off --xml_link_info="StepperExperiments_linkInfo.xml" --rom_model -o "StepperExperiments.out" "./main.obj" "./tm4c123gh6pm_startup_ccs.obj" "./libraries/MIL_LCD_lib.obj" "./libraries/tivaUtils.obj" "C:/ti/TivaWare_C_Series-2.1.4.178/driverlib/ccs/Debug/driverlib.lib" "../tm4c123gh6pm.cmd"  -l"libc.a" 
<Linking>
'Finished building target: StepperExperiments.out'
' '

**** Build Finished ****

**** Build of configuration Debug for project StepperExperiments ****

"C:\\ti\\ccsv6\\utils\\bin\\gmake" -k all 
gmake: Nothing to be done for `all'.

**** Build Finished ****

**** Build of configuration Debug for project StepperExperiments ****

"C:\\ti\\ccsv6\\utils\\bin\\gmake" -k all 
'Building file: ../main.c'
'Invoking: ARM Compiler'
"C:/ti/ccsv6/tools/compiler/ti-cgt-arm_5.2.2/bin/armcl" -mv7M4 --code_state=16 --float_support=FPv4SPD16 --abi=eabi -me --include_path="C:/ti/ccsv6/tools/compiler/ti-cgt-arm_5.2.2/include" --include_path="X:/My Documents/Micro 2 files/micro2-repository-workspace/r-tiles-dev/custom-libraries" --include_path="C:/ti/TivaWare_C_Series-2.1.4.178" -g --gcc --define=ccs="ccs" --define=PART_TM4C123GH6PM --display_error_number --diag_warning=225 --diag_wrap=off --preproc_with_compile --preproc_dependency="main.pp"  "../main.c"
'Finished building: ../main.c'
' '
'Building file: //fs.ece.uprm.edu/students/s402120683/My Documents/Micro 2 files/micro2-repository-workspace/r-tiles-dev/custom-libraries/tivaUtils.c'
'Invoking: ARM Compiler'
"C:/ti/ccsv6/tools/compiler/ti-cgt-arm_5.2.2/bin/armcl" -mv7M4 --code_state=16 --float_support=FPv4SPD16 --abi=eabi -me --include_path="C:/ti/ccsv6/tools/compiler/ti-cgt-arm_5.2.2/include" --include_path="X:/My Documents/Micro 2 files/micro2-repository-workspace/r-tiles-dev/custom-libraries" --include_path="C:/ti/TivaWare_C_Series-2.1.4.178" -g --gcc --define=ccs="ccs" --define=PART_TM4C123GH6PM --display_error_number --diag_warning=225 --diag_wrap=off --preproc_with_compile --preproc_dependency="libraries/tivaUtils.pp" --obj_directory="libraries"  "//fs.ece.uprm.edu/students/s402120683/My Documents/Micro 2 files/micro2-repository-workspace/r-tiles-dev/custom-libraries/tivaUtils.c"
'Finished building: //fs.ece.uprm.edu/students/s402120683/My Documents/Micro 2 files/micro2-repository-workspace/r-tiles-dev/custom-libraries/tivaUtils.c'
' '
'Building target: StepperExperiments.out'
'Invoking: ARM Linker'
"C:/ti/ccsv6/tools/compiler/ti-cgt-arm_5.2.2/bin/armcl" -mv7M4 --code_state=16 --float_support=FPv4SPD16 --abi=eabi -me -g --gcc --define=ccs="ccs" --define=PART_TM4C123GH6PM --display_error_number --diag_warning=225 --diag_wrap=off -z -m"StepperExperiments.map" --heap_size=0 --stack_size=800 -i"C:/ti/ccsv6/tools/compiler/ti-cgt-arm_5.2.2/lib" -i"C:/ti/ccsv6/tools/compiler/ti-cgt-arm_5.2.2/include" --reread_libs --warn_sections --display_error_number --diag_wrap=off --xml_link_info="StepperExperiments_linkInfo.xml" --rom_model -o "StepperExperiments.out" "./main.obj" "./tm4c123gh6pm_startup_ccs.obj" "./libraries/MIL_LCD_lib.obj" "./libraries/tivaUtils.obj" "C:/ti/TivaWare_C_Series-2.1.4.178/driverlib/ccs/Debug/driverlib.lib" "../tm4c123gh6pm.cmd"  -l"libc.a" 
<Linking>
'Finished building target: StepperExperiments.out'
' '

**** Build Finished ****

**** Build of configuration Debug for project StepperExperiments ****

"C:\\ti\\ccsv6\\utils\\bin\\gmake" -k all 
'Building file: ../main.c'
'Invoking: ARM Compiler'
"C:/ti/ccsv6/tools/compiler/ti-cgt-arm_5.2.2/bin/armcl" -mv7M4 --code_state=16 --float_support=FPv4SPD16 --abi=eabi -me --include_path="C:/ti/ccsv6/tools/compiler/ti-cgt-arm_5.2.2/include" --include_path="X:/My Documents/Micro 2 files/micro2-repository-workspace/r-tiles-dev/custom-libraries" --include_path="C:/ti/TivaWare_C_Series-2.1.4.178" -g --gcc --define=ccs="ccs" --define=PART_TM4C123GH6PM --display_error_number --diag_warning=225 --diag_wrap=off --preproc_with_compile --preproc_dependency="main.pp"  "../main.c"
'Finished building: ../main.c'
' '
'Building target: StepperExperiments.out'
'Invoking: ARM Linker'
"C:/ti/ccsv6/tools/compiler/ti-cgt-arm_5.2.2/bin/armcl" -mv7M4 --code_state=16 --float_support=FPv4SPD16 --abi=eabi -me -g --gcc --define=ccs="ccs" --define=PART_TM4C123GH6PM --display_error_number --diag_warning=225 --diag_wrap=off -z -m"StepperExperiments.map" --heap_size=0 --stack_size=800 -i"C:/ti/ccsv6/tools/compiler/ti-cgt-arm_5.2.2/lib" -i"C:/ti/ccsv6/tools/compiler/ti-cgt-arm_5.2.2/include" --reread_libs --warn_sections --display_error_number --diag_wrap=off --xml_link_info="StepperExperiments_linkInfo.xml" --rom_model -o "StepperExperiments.out" "./main.obj" "./tm4c123gh6pm_startup_ccs.obj" "./libraries/MIL_LCD_lib.obj" "./libraries/tivaUtils.obj" "C:/ti/TivaWare_C_Series-2.1.4.178/driverlib/ccs/Debug/driverlib.lib" "../tm4c123gh6pm.cmd"  -l"libc.a" 
<Linking>
'Finished building target: StepperExperiments.out'
' '

**** Build Finished ****

**** Build of configuration Debug for project StepperExperiments ****

"C:\\ti\\ccsv6\\utils\\bin\\gmake" -k all 
'Building file: ../main.c'
'Invoking: ARM Compiler'
"C:/ti/ccsv6/tools/compiler/ti-cgt-arm_5.2.2/bin/armcl" -mv7M4 --code_state=16 --float_support=FPv4SPD16 --abi=eabi -me --include_path="C:/ti/ccsv6/tools/compiler/ti-cgt-arm_5.2.2/include" --include_path="X:/My Documents/Micro 2 files/micro2-repository-workspace/r-tiles-dev/custom-libraries" --include_path="C:/ti/TivaWare_C_Series-2.1.4.178" -g --gcc --define=ccs="ccs" --define=PART_TM4C123GH6PM --display_error_number --diag_warning=225 --diag_wrap=off --preproc_with_compile --preproc_dependency="main.pp"  "../main.c"
'Finished building: ../main.c'
' '
'Building target: StepperExperiments.out'
'Invoking: ARM Linker'
"C:/ti/ccsv6/tools/compiler/ti-cgt-arm_5.2.2/bin/armcl" -mv7M4 --code_state=16 --float_support=FPv4SPD16 --abi=eabi -me -g --gcc --define=ccs="ccs" --define=PART_TM4C123GH6PM --display_error_number --diag_warning=225 --diag_wrap=off -z -m"StepperExperiments.map" --heap_size=0 --stack_size=800 -i"C:/ti/ccsv6/tools/compiler/ti-cgt-arm_5.2.2/lib" -i"C:/ti/ccsv6/tools/compiler/ti-cgt-arm_5.2.2/include" --reread_libs --warn_sections --display_error_number --diag_wrap=off --xml_link_info="StepperExperiments_linkInfo.xml" --rom_model -o "StepperExperiments.out" "./main.obj" "./tm4c123gh6pm_startup_ccs.obj" "./libraries/MIL_LCD_lib.obj" "./libraries/tivaUtils.obj" "C:/ti/TivaWare_C_Series-2.1.4.178/driverlib/ccs/Debug/driverlib.lib" "../tm4c123gh6pm.cmd"  -l"libc.a" 
<Linking>
'Finished building target: StepperExperiments.out'
' '

**** Build Finished ****

**** Build of configuration Debug for project StepperExperiments ****

"C:\\ti\\ccsv6\\utils\\bin\\gmake" -k all 
'Building file: ../main.c'
'Invoking: ARM Compiler'
"C:/ti/ccsv6/tools/compiler/ti-cgt-arm_5.2.2/bin/armcl" -mv7M4 --code_state=16 --float_support=FPv4SPD16 --abi=eabi -me --include_path="C:/ti/ccsv6/tools/compiler/ti-cgt-arm_5.2.2/include" --include_path="X:/My Documents/Micro 2 files/micro2-repository-workspace/r-tiles-dev/custom-libraries" --include_path="C:/ti/TivaWare_C_Series-2.1.4.178" -g --gcc --define=ccs="ccs" --define=PART_TM4C123GH6PM --display_error_number --diag_warning=225 --diag_wrap=off --preproc_with_compile --preproc_dependency="main.pp"  "../main.c"
'Finished building: ../main.c'
' '
'Building target: StepperExperiments.out'
'Invoking: ARM Linker'
"C:/ti/ccsv6/tools/compiler/ti-cgt-arm_5.2.2/bin/armcl" -mv7M4 --code_state=16 --float_support=FPv4SPD16 --abi=eabi -me -g --gcc --define=ccs="ccs" --define=PART_TM4C123GH6PM --display_error_number --diag_warning=225 --diag_wrap=off -z -m"StepperExperiments.map" --heap_size=0 --stack_size=800 -i"C:/ti/ccsv6/tools/compiler/ti-cgt-arm_5.2.2/lib" -i"C:/ti/ccsv6/tools/compiler/ti-cgt-arm_5.2.2/include" --reread_libs --warn_sections --display_error_number --diag_wrap=off --xml_link_info="StepperExperiments_linkInfo.xml" --rom_model -o "StepperExperiments.out" "./main.obj" "./tm4c123gh6pm_startup_ccs.obj" "./libraries/MIL_LCD_lib.obj" "./libraries/tivaUtils.obj" "C:/ti/TivaWare_C_Series-2.1.4.178/driverlib/ccs/Debug/driverlib.lib" "../tm4c123gh6pm.cmd"  -l"libc.a" 
<Linking>
'Finished building target: StepperExperiments.out'
' '

**** Build Finished ****

**** Build of configuration Debug for project StepperExperiments ****

"C:\\ti\\ccsv6\\utils\\bin\\gmake" -k all 
'Building file: ../main.c'
'Invoking: ARM Compiler'
"C:/ti/ccsv6/tools/compiler/ti-cgt-arm_5.2.2/bin/armcl" -mv7M4 --code_state=16 --float_support=FPv4SPD16 --abi=eabi -me --include_path="C:/ti/ccsv6/tools/compiler/ti-cgt-arm_5.2.2/include" --include_path="X:/My Documents/Micro 2 files/micro2-repository-workspace/r-tiles-dev/custom-libraries" --include_path="C:/ti/TivaWare_C_Series-2.1.4.178" -g --gcc --define=ccs="ccs" --define=PART_TM4C123GH6PM --display_error_number --diag_warning=225 --diag_wrap=off --preproc_with_compile --preproc_dependency="main.pp"  "../main.c"
'Finished building: ../main.c'
' '
'Building target: StepperExperiments.out'
'Invoking: ARM Linker'
"C:/ti/ccsv6/tools/compiler/ti-cgt-arm_5.2.2/bin/armcl" -mv7M4 --code_state=16 --float_support=FPv4SPD16 --abi=eabi -me -g --gcc --define=ccs="ccs" --define=PART_TM4C123GH6PM --display_error_number --diag_warning=225 --diag_wrap=off -z -m"StepperExperiments.map" --heap_size=0 --stack_size=800 -i"C:/ti/ccsv6/tools/compiler/ti-cgt-arm_5.2.2/lib" -i"C:/ti/ccsv6/tools/compiler/ti-cgt-arm_5.2.2/include" --reread_libs --warn_sections --display_error_number --diag_wrap=off --xml_link_info="StepperExperiments_linkInfo.xml" --rom_model -o "StepperExperiments.out" "./main.obj" "./tm4c123gh6pm_startup_ccs.obj" "./libraries/MIL_LCD_lib.obj" "./libraries/tivaUtils.obj" "C:/ti/TivaWare_C_Series-2.1.4.178/driverlib/ccs/Debug/driverlib.lib" "../tm4c123gh6pm.cmd"  -l"libc.a" 
<Linking>
'Finished building target: StepperExperiments.out'
' '

**** Build Finished ****

**** Build of configuration Debug for project StepperExperiments ****

"C:\\ti\\ccsv6\\utils\\bin\\gmake" -k all 
'Building file: ../main.c'
'Invoking: ARM Compiler'
"C:/ti/ccsv6/tools/compiler/ti-cgt-arm_5.2.2/bin/armcl" -mv7M4 --code_state=16 --float_support=FPv4SPD16 --abi=eabi -me --include_path="C:/ti/ccsv6/tools/compiler/ti-cgt-arm_5.2.2/include" --include_path="X:/My Documents/Micro 2 files/micro2-repository-workspace/r-tiles-dev/custom-libraries" --include_path="C:/ti/TivaWare_C_Series-2.1.4.178" -g --gcc --define=ccs="ccs" --define=PART_TM4C123GH6PM --display_error_number --diag_warning=225 --diag_wrap=off --preproc_with_compile --preproc_dependency="main.pp"  "../main.c"
'Finished building: ../main.c'
' '
'Building target: StepperExperiments.out'
'Invoking: ARM Linker'
"C:/ti/ccsv6/tools/compiler/ti-cgt-arm_5.2.2/bin/armcl" -mv7M4 --code_state=16 --float_support=FPv4SPD16 --abi=eabi -me -g --gcc --define=ccs="ccs" --define=PART_TM4C123GH6PM --display_error_number --diag_warning=225 --diag_wrap=off -z -m"StepperExperiments.map" --heap_size=0 --stack_size=800 -i"C:/ti/ccsv6/tools/compiler/ti-cgt-arm_5.2.2/lib" -i"C:/ti/ccsv6/tools/compiler/ti-cgt-arm_5.2.2/include" --reread_libs --warn_sections --display_error_number --diag_wrap=off --xml_link_info="StepperExperiments_linkInfo.xml" --rom_model -o "StepperExperiments.out" "./main.obj" "./tm4c123gh6pm_startup_ccs.obj" "./libraries/MIL_LCD_lib.obj" "./libraries/tivaUtils.obj" "C:/ti/TivaWare_C_Series-2.1.4.178/driverlib/ccs/Debug/driverlib.lib" "../tm4c123gh6pm.cmd"  -l"libc.a" 
<Linking>
'Finished building target: StepperExperiments.out'
' '

**** Build Finished ****

**** Build of configuration Debug for project StepperExperiments ****

"C:\\ti\\ccsv6\\utils\\bin\\gmake" -k all 
'Building file: ../main.c'
'Invoking: ARM Compiler'
"C:/ti/ccsv6/tools/compiler/ti-cgt-arm_5.2.2/bin/armcl" -mv7M4 --code_state=16 --float_support=FPv4SPD16 --abi=eabi -me --include_path="C:/ti/ccsv6/tools/compiler/ti-cgt-arm_5.2.2/include" --include_path="X:/My Documents/Micro 2 files/micro2-repository-workspace/r-tiles-dev/custom-libraries" --include_path="C:/ti/TivaWare_C_Series-2.1.4.178" -g --gcc --define=ccs="ccs" --define=PART_TM4C123GH6PM --display_error_number --diag_warning=225 --diag_wrap=off --preproc_with_compile --preproc_dependency="main.pp"  "../main.c"
'Finished building: ../main.c'
' '
'Building target: StepperExperiments.out'
'Invoking: ARM Linker'
"C:/ti/ccsv6/tools/compiler/ti-cgt-arm_5.2.2/bin/armcl" -mv7M4 --code_state=16 --float_support=FPv4SPD16 --abi=eabi -me -g --gcc --define=ccs="ccs" --define=PART_TM4C123GH6PM --display_error_number --diag_warning=225 --diag_wrap=off -z -m"StepperExperiments.map" --heap_size=0 --stack_size=800 -i"C:/ti/ccsv6/tools/compiler/ti-cgt-arm_5.2.2/lib" -i"C:/ti/ccsv6/tools/compiler/ti-cgt-arm_5.2.2/include" --reread_libs --warn_sections --display_error_number --diag_wrap=off --xml_link_info="StepperExperiments_linkInfo.xml" --rom_model -o "StepperExperiments.out" "./main.obj" "./tm4c123gh6pm_startup_ccs.obj" "./libraries/MIL_LCD_lib.obj" "./libraries/tivaUtils.obj" "C:/ti/TivaWare_C_Series-2.1.4.178/driverlib/ccs/Debug/driverlib.lib" "../tm4c123gh6pm.cmd"  -l"libc.a" 
<Linking>
'Finished building target: StepperExperiments.out'
' '

**** Build Finished ****

**** Build of configuration Debug for project StepperExperiments ****

"C:\\ti\\ccsv6\\utils\\bin\\gmake" -k all 
'Building file: ../main.c'
'Invoking: ARM Compiler'
"C:/ti/ccsv6/tools/compiler/ti-cgt-arm_5.2.2/bin/armcl" -mv7M4 --code_state=16 --float_support=FPv4SPD16 --abi=eabi -me --include_path="C:/ti/ccsv6/tools/compiler/ti-cgt-arm_5.2.2/include" --include_path="X:/My Documents/Micro 2 files/micro2-repository-workspace/r-tiles-dev/custom-libraries" --include_path="C:/ti/TivaWare_C_Series-2.1.4.178" -g --gcc --define=ccs="ccs" --define=PART_TM4C123GH6PM --display_error_number --diag_warning=225 --diag_wrap=off --preproc_with_compile --preproc_dependency="main.pp"  "../main.c"
'Finished building: ../main.c'
' '
'Building target: StepperExperiments.out'
'Invoking: ARM Linker'
"C:/ti/ccsv6/tools/compiler/ti-cgt-arm_5.2.2/bin/armcl" -mv7M4 --code_state=16 --float_support=FPv4SPD16 --abi=eabi -me -g --gcc --define=ccs="ccs" --define=PART_TM4C123GH6PM --display_error_number --diag_warning=225 --diag_wrap=off -z -m"StepperExperiments.map" --heap_size=0 --stack_size=800 -i"C:/ti/ccsv6/tools/compiler/ti-cgt-arm_5.2.2/lib" -i"C:/ti/ccsv6/tools/compiler/ti-cgt-arm_5.2.2/include" --reread_libs --warn_sections --display_error_number --diag_wrap=off --xml_link_info="StepperExperiments_linkInfo.xml" --rom_model -o "StepperExperiments.out" "./main.obj" "./tm4c123gh6pm_startup_ccs.obj" "./libraries/MIL_LCD_lib.obj" "./libraries/tivaUtils.obj" "C:/ti/TivaWare_C_Series-2.1.4.178/driverlib/ccs/Debug/driverlib.lib" "../tm4c123gh6pm.cmd"  -l"libc.a" 
<Linking>
'Finished building target: StepperExperiments.out'
' '

**** Build Finished ****

**** Build of configuration Debug for project StepperExperiments ****

"C:\\ti\\ccsv6\\utils\\bin\\gmake" -k all 
'Building file: ../main.c'
'Invoking: ARM Compiler'
"C:/ti/ccsv6/tools/compiler/ti-cgt-arm_5.2.2/bin/armcl" -mv7M4 --code_state=16 --float_support=FPv4SPD16 --abi=eabi -me --include_path="C:/ti/ccsv6/tools/compiler/ti-cgt-arm_5.2.2/include" --include_path="X:/My Documents/Micro 2 files/micro2-repository-workspace/r-tiles-dev/custom-libraries" --include_path="C:/ti/TivaWare_C_Series-2.1.4.178" -g --gcc --define=ccs="ccs" --define=PART_TM4C123GH6PM --display_error_number --diag_warning=225 --diag_wrap=off --preproc_with_compile --preproc_dependency="main.pp"  "../main.c"
'Finished building: ../main.c'
' '
'Building target: StepperExperiments.out'
'Invoking: ARM Linker'
"C:/ti/ccsv6/tools/compiler/ti-cgt-arm_5.2.2/bin/armcl" -mv7M4 --code_state=16 --float_support=FPv4SPD16 --abi=eabi -me -g --gcc --define=ccs="ccs" --define=PART_TM4C123GH6PM --display_error_number --diag_warning=225 --diag_wrap=off -z -m"StepperExperiments.map" --heap_size=0 --stack_size=800 -i"C:/ti/ccsv6/tools/compiler/ti-cgt-arm_5.2.2/lib" -i"C:/ti/ccsv6/tools/compiler/ti-cgt-arm_5.2.2/include" --reread_libs --warn_sections --display_error_number --diag_wrap=off --xml_link_info="StepperExperiments_linkInfo.xml" --rom_model -o "StepperExperiments.out" "./main.obj" "./tm4c123gh6pm_startup_ccs.obj" "./libraries/MIL_LCD_lib.obj" "./libraries/tivaUtils.obj" "C:/ti/TivaWare_C_Series-2.1.4.178/driverlib/ccs/Debug/driverlib.lib" "../tm4c123gh6pm.cmd"  -l"libc.a" 
<Linking>
'Finished building target: StepperExperiments.out'
' '

**** Build Finished ****

**** Build of configuration Debug for project StepperExperiments ****

"C:\\ti\\ccsv6\\utils\\bin\\gmake" -k all 
'Building file: ../main.c'
'Invoking: ARM Compiler'
"C:/ti/ccsv6/tools/compiler/ti-cgt-arm_5.2.2/bin/armcl" -mv7M4 --code_state=16 --float_support=FPv4SPD16 --abi=eabi -me --include_path="C:/ti/ccsv6/tools/compiler/ti-cgt-arm_5.2.2/include" --include_path="X:/My Documents/Micro 2 files/micro2-repository-workspace/r-tiles-dev/custom-libraries" --include_path="C:/ti/TivaWare_C_Series-2.1.4.178" -g --gcc --define=ccs="ccs" --define=PART_TM4C123GH6PM --display_error_number --diag_warning=225 --diag_wrap=off --preproc_with_compile --preproc_dependency="main.pp"  "../main.c"
'Finished building: ../main.c'
' '
'Building target: StepperExperiments.out'
'Invoking: ARM Linker'
"C:/ti/ccsv6/tools/compiler/ti-cgt-arm_5.2.2/bin/armcl" -mv7M4 --code_state=16 --float_support=FPv4SPD16 --abi=eabi -me -g --gcc --define=ccs="ccs" --define=PART_TM4C123GH6PM --display_error_number --diag_warning=225 --diag_wrap=off -z -m"StepperExperiments.map" --heap_size=0 --stack_size=800 -i"C:/ti/ccsv6/tools/compiler/ti-cgt-arm_5.2.2/lib" -i"C:/ti/ccsv6/tools/compiler/ti-cgt-arm_5.2.2/include" --reread_libs --warn_sections --display_error_number --diag_wrap=off --xml_link_info="StepperExperiments_linkInfo.xml" --rom_model -o "StepperExperiments.out" "./main.obj" "./tm4c123gh6pm_startup_ccs.obj" "./libraries/MIL_LCD_lib.obj" "./libraries/tivaUtils.obj" "C:/ti/TivaWare_C_Series-2.1.4.178/driverlib/ccs/Debug/driverlib.lib" "../tm4c123gh6pm.cmd"  -l"libc.a" 
<Linking>
'Finished building target: StepperExperiments.out'
' '

**** Build Finished ****

**** Build of configuration Debug for project StepperExperiments ****

"C:\\ti\\ccsv6\\utils\\bin\\gmake" -k all 
gmake: Nothing to be done for `all'.

**** Build Finished ****

**** Build of configuration Debug for project StepperExperiments ****

"C:\\ti\\ccsv6\\utils\\bin\\gmake" -k all 
'Building file: ../main.c'
'Invoking: ARM Compiler'
"C:/ti/ccsv6/tools/compiler/ti-cgt-arm_5.2.2/bin/armcl" -mv7M4 --code_state=16 --float_support=FPv4SPD16 --abi=eabi -me --include_path="C:/ti/ccsv6/tools/compiler/ti-cgt-arm_5.2.2/include" --include_path="X:/My Documents/Micro 2 files/micro2-repository-workspace/r-tiles-dev/custom-libraries" --include_path="C:/ti/TivaWare_C_Series-2.1.4.178" -g --gcc --define=ccs="ccs" --define=PART_TM4C123GH6PM --display_error_number --diag_warning=225 --diag_wrap=off --preproc_with_compile --preproc_dependency="main.pp"  "../main.c"
'Finished building: ../main.c'
' '
'Building target: StepperExperiments.out'
'Invoking: ARM Linker'
"C:/ti/ccsv6/tools/compiler/ti-cgt-arm_5.2.2/bin/armcl" -mv7M4 --code_state=16 --float_support=FPv4SPD16 --abi=eabi -me -g --gcc --define=ccs="ccs" --define=PART_TM4C123GH6PM --display_error_number --diag_warning=225 --diag_wrap=off -z -m"StepperExperiments.map" --heap_size=0 --stack_size=800 -i"C:/ti/ccsv6/tools/compiler/ti-cgt-arm_5.2.2/lib" -i"C:/ti/ccsv6/tools/compiler/ti-cgt-arm_5.2.2/include" --reread_libs --warn_sections --display_error_number --diag_wrap=off --xml_link_info="StepperExperiments_linkInfo.xml" --rom_model -o "StepperExperiments.out" "./main.obj" "./tm4c123gh6pm_startup_ccs.obj" "./libraries/MIL_LCD_lib.obj" "./libraries/tivaUtils.obj" "C:/ti/TivaWare_C_Series-2.1.4.178/driverlib/ccs/Debug/driverlib.lib" "../tm4c123gh6pm.cmd"  -l"libc.a" 
<Linking>
'Finished building target: StepperExperiments.out'
' '

**** Build Finished ****

**** Build of configuration Debug for project StepperExperiments ****

"C:\\ti\\ccsv6\\utils\\bin\\gmake" -k all 
gmake: Nothing to be done for `all'.

**** Build Finished ****

**** Build of configuration Debug for project StepperExperiments ****

"C:\\ti\\ccsv6\\utils\\bin\\gmake" -k all 
gmake: Nothing to be done for `all'.

**** Build Finished ****

**** Build of configuration Debug for project StepperExperiments ****

"C:\\ti\\ccsv6\\utils\\bin\\gmake" -k all 
'Building file: ../main.c'
'Invoking: ARM Compiler'
"C:/ti/ccsv6/tools/compiler/ti-cgt-arm_5.2.2/bin/armcl" -mv7M4 --code_state=16 --float_support=FPv4SPD16 --abi=eabi -me --include_path="C:/ti/ccsv6/tools/compiler/ti-cgt-arm_5.2.2/include" --include_path="X:/My Documents/Micro 2 files/micro2-repository-workspace/r-tiles-dev/custom-libraries" --include_path="C:/ti/TivaWare_C_Series-2.1.4.178" -g --gcc --define=ccs="ccs" --define=PART_TM4C123GH6PM --display_error_number --diag_warning=225 --diag_wrap=off --preproc_with_compile --preproc_dependency="main.pp"  "../main.c"
'Finished building: ../main.c'
' '
'Building target: StepperExperiments.out'
'Invoking: ARM Linker'
"C:/ti/ccsv6/tools/compiler/ti-cgt-arm_5.2.2/bin/armcl" -mv7M4 --code_state=16 --float_support=FPv4SPD16 --abi=eabi -me -g --gcc --define=ccs="ccs" --define=PART_TM4C123GH6PM --display_error_number --diag_warning=225 --diag_wrap=off -z -m"StepperExperiments.map" --heap_size=0 --stack_size=800 -i"C:/ti/ccsv6/tools/compiler/ti-cgt-arm_5.2.2/lib" -i"C:/ti/ccsv6/tools/compiler/ti-cgt-arm_5.2.2/include" --reread_libs --warn_sections --display_error_number --diag_wrap=off --xml_link_info="StepperExperiments_linkInfo.xml" --rom_model -o "StepperExperiments.out" "./main.obj" "./tm4c123gh6pm_startup_ccs.obj" "./libraries/MIL_LCD_lib.obj" "./libraries/tivaUtils.obj" "C:/ti/TivaWare_C_Series-2.1.4.178/driverlib/ccs/Debug/driverlib.lib" "../tm4c123gh6pm.cmd"  -l"libc.a" 
<Linking>
'Finished building target: StepperExperiments.out'
' '

**** Build Finished ****

**** Build of configuration Debug for project StepperExperiments ****

"C:\\ti\\ccsv6\\utils\\bin\\gmake" -k all 
'Building file: ../main.c'
'Invoking: ARM Compiler'
"C:/ti/ccsv6/tools/compiler/ti-cgt-arm_5.2.2/bin/armcl" -mv7M4 --code_state=16 --float_support=FPv4SPD16 --abi=eabi -me --include_path="C:/ti/ccsv6/tools/compiler/ti-cgt-arm_5.2.2/include" --include_path="X:/My Documents/Micro 2 files/micro2-repository-workspace/r-tiles-dev/custom-libraries" --include_path="C:/ti/TivaWare_C_Series-2.1.4.178" -g --gcc --define=ccs="ccs" --define=PART_TM4C123GH6PM --display_error_number --diag_warning=225 --diag_wrap=off --preproc_with_compile --preproc_dependency="main.pp"  "../main.c"
'Finished building: ../main.c'
' '
'Building target: StepperExperiments.out'
'Invoking: ARM Linker'
"C:/ti/ccsv6/tools/compiler/ti-cgt-arm_5.2.2/bin/armcl" -mv7M4 --code_state=16 --float_support=FPv4SPD16 --abi=eabi -me -g --gcc --define=ccs="ccs" --define=PART_TM4C123GH6PM --display_error_number --diag_warning=225 --diag_wrap=off -z -m"StepperExperiments.map" --heap_size=0 --stack_size=800 -i"C:/ti/ccsv6/tools/compiler/ti-cgt-arm_5.2.2/lib" -i"C:/ti/ccsv6/tools/compiler/ti-cgt-arm_5.2.2/include" --reread_libs --warn_sections --display_error_number --diag_wrap=off --xml_link_info="StepperExperiments_linkInfo.xml" --rom_model -o "StepperExperiments.out" "./main.obj" "./tm4c123gh6pm_startup_ccs.obj" "./libraries/MIL_LCD_lib.obj" "./libraries/tivaUtils.obj" "C:/ti/TivaWare_C_Series-2.1.4.178/driverlib/ccs/Debug/driverlib.lib" "../tm4c123gh6pm.cmd"  -l"libc.a" 
<Linking>
'Finished building target: StepperExperiments.out'
' '

**** Build Finished ****

**** Build of configuration Debug for project StepperExperiments ****

"C:\\ti\\ccsv6\\utils\\bin\\gmake" -k all 
'Building file: ../main.c'
'Invoking: ARM Compiler'
"C:/ti/ccsv6/tools/compiler/ti-cgt-arm_5.2.2/bin/armcl" -mv7M4 --code_state=16 --float_support=FPv4SPD16 --abi=eabi -me --include_path="C:/ti/ccsv6/tools/compiler/ti-cgt-arm_5.2.2/include" --include_path="X:/My Documents/Micro 2 files/micro2-repository-workspace/r-tiles-dev/custom-libraries" --include_path="C:/ti/TivaWare_C_Series-2.1.4.178" -g --gcc --define=ccs="ccs" --define=PART_TM4C123GH6PM --display_error_number --diag_warning=225 --diag_wrap=off --preproc_with_compile --preproc_dependency="main.pp"  "../main.c"
'Finished building: ../main.c'
' '
'Building target: StepperExperiments.out'
'Invoking: ARM Linker'
"C:/ti/ccsv6/tools/compiler/ti-cgt-arm_5.2.2/bin/armcl" -mv7M4 --code_state=16 --float_support=FPv4SPD16 --abi=eabi -me -g --gcc --define=ccs="ccs" --define=PART_TM4C123GH6PM --display_error_number --diag_warning=225 --diag_wrap=off -z -m"StepperExperiments.map" --heap_size=0 --stack_size=800 -i"C:/ti/ccsv6/tools/compiler/ti-cgt-arm_5.2.2/lib" -i"C:/ti/ccsv6/tools/compiler/ti-cgt-arm_5.2.2/include" --reread_libs --warn_sections --display_error_number --diag_wrap=off --xml_link_info="StepperExperiments_linkInfo.xml" --rom_model -o "StepperExperiments.out" "./main.obj" "./tm4c123gh6pm_startup_ccs.obj" "./libraries/MIL_LCD_lib.obj" "./libraries/tivaUtils.obj" "C:/ti/TivaWare_C_Series-2.1.4.178/driverlib/ccs/Debug/driverlib.lib" "../tm4c123gh6pm.cmd"  -l"libc.a" 
<Linking>
'Finished building target: StepperExperiments.out'
' '

**** Build Finished ****

**** Build of configuration Debug for project StepperExperiments ****

"C:\\ti\\ccsv6\\utils\\bin\\gmake" -k all 
'Building file: ../main.c'
'Invoking: ARM Compiler'
"C:/ti/ccsv6/tools/compiler/ti-cgt-arm_5.2.2/bin/armcl" -mv7M4 --code_state=16 --float_support=FPv4SPD16 --abi=eabi -me --include_path="C:/ti/ccsv6/tools/compiler/ti-cgt-arm_5.2.2/include" --include_path="X:/My Documents/Micro 2 files/micro2-repository-workspace/r-tiles-dev/custom-libraries" --include_path="C:/ti/TivaWare_C_Series-2.1.4.178" -g --gcc --define=ccs="ccs" --define=PART_TM4C123GH6PM --display_error_number --diag_warning=225 --diag_wrap=off --preproc_with_compile --preproc_dependency="main.pp"  "../main.c"
'Finished building: ../main.c'
' '
'Building target: StepperExperiments.out'
'Invoking: ARM Linker'
"C:/ti/ccsv6/tools/compiler/ti-cgt-arm_5.2.2/bin/armcl" -mv7M4 --code_state=16 --float_support=FPv4SPD16 --abi=eabi -me -g --gcc --define=ccs="ccs" --define=PART_TM4C123GH6PM --display_error_number --diag_warning=225 --diag_wrap=off -z -m"StepperExperiments.map" --heap_size=0 --stack_size=800 -i"C:/ti/ccsv6/tools/compiler/ti-cgt-arm_5.2.2/lib" -i"C:/ti/ccsv6/tools/compiler/ti-cgt-arm_5.2.2/include" --reread_libs --warn_sections --display_error_number --diag_wrap=off --xml_link_info="StepperExperiments_linkInfo.xml" --rom_model -o "StepperExperiments.out" "./main.obj" "./tm4c123gh6pm_startup_ccs.obj" "./libraries/MIL_LCD_lib.obj" "./libraries/tivaUtils.obj" "C:/ti/TivaWare_C_Series-2.1.4.178/driverlib/ccs/Debug/driverlib.lib" "../tm4c123gh6pm.cmd"  -l"libc.a" 
<Linking>
'Finished building target: StepperExperiments.out'
' '

**** Build Finished ****

**** Build of configuration Debug for project StepperExperiments ****

"C:\\ti\\ccsv6\\utils\\bin\\gmake" -k all 
'Building file: ../main.c'
'Invoking: ARM Compiler'
"C:/ti/ccsv6/tools/compiler/ti-cgt-arm_5.2.2/bin/armcl" -mv7M4 --code_state=16 --float_support=FPv4SPD16 --abi=eabi -me --include_path="C:/ti/ccsv6/tools/compiler/ti-cgt-arm_5.2.2/include" --include_path="X:/My Documents/Micro 2 files/micro2-repository-workspace/r-tiles-dev/custom-libraries" --include_path="C:/ti/TivaWare_C_Series-2.1.4.178" -g --gcc --define=ccs="ccs" --define=PART_TM4C123GH6PM --display_error_number --diag_warning=225 --diag_wrap=off --preproc_with_compile --preproc_dependency="main.pp"  "../main.c"
'Finished building: ../main.c'
' '
'Building target: StepperExperiments.out'
'Invoking: ARM Linker'
"C:/ti/ccsv6/tools/compiler/ti-cgt-arm_5.2.2/bin/armcl" -mv7M4 --code_state=16 --float_support=FPv4SPD16 --abi=eabi -me -g --gcc --define=ccs="ccs" --define=PART_TM4C123GH6PM --display_error_number --diag_warning=225 --diag_wrap=off -z -m"StepperExperiments.map" --heap_size=0 --stack_size=800 -i"C:/ti/ccsv6/tools/compiler/ti-cgt-arm_5.2.2/lib" -i"C:/ti/ccsv6/tools/compiler/ti-cgt-arm_5.2.2/include" --reread_libs --warn_sections --display_error_number --diag_wrap=off --xml_link_info="StepperExperiments_linkInfo.xml" --rom_model -o "StepperExperiments.out" "./main.obj" "./tm4c123gh6pm_startup_ccs.obj" "./libraries/MIL_LCD_lib.obj" "./libraries/tivaUtils.obj" "C:/ti/TivaWare_C_Series-2.1.4.178/driverlib/ccs/Debug/driverlib.lib" "../tm4c123gh6pm.cmd"  -l"libc.a" 
<Linking>
'Finished building target: StepperExperiments.out'
' '

**** Build Finished ****

**** Build of configuration Debug for project StepperExperiments ****

"C:\\ti\\ccsv6\\utils\\bin\\gmake" -k all 
'Building file: ../main.c'
'Invoking: ARM Compiler'
"C:/ti/ccsv6/tools/compiler/ti-cgt-arm_5.2.2/bin/armcl" -mv7M4 --code_state=16 --float_support=FPv4SPD16 --abi=eabi -me --include_path="C:/ti/ccsv6/tools/compiler/ti-cgt-arm_5.2.2/include" --include_path="X:/My Documents/Micro 2 files/micro2-repository-workspace/r-tiles-dev/custom-libraries" --include_path="C:/ti/TivaWare_C_Series-2.1.4.178" -g --gcc --define=ccs="ccs" --define=PART_TM4C123GH6PM --display_error_number --diag_warning=225 --diag_wrap=off --preproc_with_compile --preproc_dependency="main.pp"  "../main.c"
'Finished building: ../main.c'
' '
'Building target: StepperExperiments.out'
'Invoking: ARM Linker'
"C:/ti/ccsv6/tools/compiler/ti-cgt-arm_5.2.2/bin/armcl" -mv7M4 --code_state=16 --float_support=FPv4SPD16 --abi=eabi -me -g --gcc --define=ccs="ccs" --define=PART_TM4C123GH6PM --display_error_number --diag_warning=225 --diag_wrap=off -z -m"StepperExperiments.map" --heap_size=0 --stack_size=800 -i"C:/ti/ccsv6/tools/compiler/ti-cgt-arm_5.2.2/lib" -i"C:/ti/ccsv6/tools/compiler/ti-cgt-arm_5.2.2/include" --reread_libs --warn_sections --display_error_number --diag_wrap=off --xml_link_info="StepperExperiments_linkInfo.xml" --rom_model -o "StepperExperiments.out" "./main.obj" "./tm4c123gh6pm_startup_ccs.obj" "./libraries/MIL_LCD_lib.obj" "./libraries/tivaUtils.obj" "C:/ti/TivaWare_C_Series-2.1.4.178/driverlib/ccs/Debug/driverlib.lib" "../tm4c123gh6pm.cmd"  -l"libc.a" 
<Linking>
'Finished building target: StepperExperiments.out'
' '

**** Build Finished ****

**** Build of configuration Debug for project StepperExperiments ****

"C:\\ti\\ccsv6\\utils\\bin\\gmake" -k all 
'Building file: ../main.c'
'Invoking: ARM Compiler'
"C:/ti/ccsv6/tools/compiler/ti-cgt-arm_5.2.2/bin/armcl" -mv7M4 --code_state=16 --float_support=FPv4SPD16 --abi=eabi -me --include_path="C:/ti/ccsv6/tools/compiler/ti-cgt-arm_5.2.2/include" --include_path="X:/My Documents/Micro 2 files/micro2-repository-workspace/r-tiles-dev/custom-libraries" --include_path="C:/ti/TivaWare_C_Series-2.1.4.178" -g --gcc --define=ccs="ccs" --define=PART_TM4C123GH6PM --display_error_number --diag_warning=225 --diag_wrap=off --preproc_with_compile --preproc_dependency="main.pp"  "../main.c"
'Finished building: ../main.c'
' '
'Building target: StepperExperiments.out'
'Invoking: ARM Linker'
"C:/ti/ccsv6/tools/compiler/ti-cgt-arm_5.2.2/bin/armcl" -mv7M4 --code_state=16 --float_support=FPv4SPD16 --abi=eabi -me -g --gcc --define=ccs="ccs" --define=PART_TM4C123GH6PM --display_error_number --diag_warning=225 --diag_wrap=off -z -m"StepperExperiments.map" --heap_size=0 --stack_size=800 -i"C:/ti/ccsv6/tools/compiler/ti-cgt-arm_5.2.2/lib" -i"C:/ti/ccsv6/tools/compiler/ti-cgt-arm_5.2.2/include" --reread_libs --warn_sections --display_error_number --diag_wrap=off --xml_link_info="StepperExperiments_linkInfo.xml" --rom_model -o "StepperExperiments.out" "./main.obj" "./tm4c123gh6pm_startup_ccs.obj" "./libraries/MIL_LCD_lib.obj" "./libraries/tivaUtils.obj" "C:/ti/TivaWare_C_Series-2.1.4.178/driverlib/ccs/Debug/driverlib.lib" "../tm4c123gh6pm.cmd"  -l"libc.a" 
<Linking>
'Finished building target: StepperExperiments.out'
' '

**** Build Finished ****

**** Build of configuration Debug for project StepperExperiments ****

"C:\\ti\\ccsv6\\utils\\bin\\gmake" -k all 
'Building file: ../main.c'
'Invoking: ARM Compiler'
"C:/ti/ccsv6/tools/compiler/ti-cgt-arm_5.2.2/bin/armcl" -mv7M4 --code_state=16 --float_support=FPv4SPD16 --abi=eabi -me --include_path="C:/ti/ccsv6/tools/compiler/ti-cgt-arm_5.2.2/include" --include_path="X:/My Documents/Micro 2 files/micro2-repository-workspace/r-tiles-dev/custom-libraries" --include_path="C:/ti/TivaWare_C_Series-2.1.4.178" -g --gcc --define=ccs="ccs" --define=PART_TM4C123GH6PM --display_error_number --diag_warning=225 --diag_wrap=off --preproc_with_compile --preproc_dependency="main.pp"  "../main.c"
'Finished building: ../main.c'
' '
'Building target: StepperExperiments.out'
'Invoking: ARM Linker'
"C:/ti/ccsv6/tools/compiler/ti-cgt-arm_5.2.2/bin/armcl" -mv7M4 --code_state=16 --float_support=FPv4SPD16 --abi=eabi -me -g --gcc --define=ccs="ccs" --define=PART_TM4C123GH6PM --display_error_number --diag_warning=225 --diag_wrap=off -z -m"StepperExperiments.map" --heap_size=0 --stack_size=800 -i"C:/ti/ccsv6/tools/compiler/ti-cgt-arm_5.2.2/lib" -i"C:/ti/ccsv6/tools/compiler/ti-cgt-arm_5.2.2/include" --reread_libs --warn_sections --display_error_number --diag_wrap=off --xml_link_info="StepperExperiments_linkInfo.xml" --rom_model -o "StepperExperiments.out" "./main.obj" "./tm4c123gh6pm_startup_ccs.obj" "./libraries/MIL_LCD_lib.obj" "./libraries/tivaUtils.obj" "C:/ti/TivaWare_C_Series-2.1.4.178/driverlib/ccs/Debug/driverlib.lib" "../tm4c123gh6pm.cmd"  -l"libc.a" 
<Linking>
'Finished building target: StepperExperiments.out'
' '

**** Build Finished ****

**** Build of configuration Debug for project StepperExperiments ****

"C:\\ti\\ccsv6\\utils\\bin\\gmake" -k all 
'Building file: ../main.c'
'Invoking: ARM Compiler'
"C:/ti/ccsv6/tools/compiler/ti-cgt-arm_5.2.2/bin/armcl" -mv7M4 --code_state=16 --float_support=FPv4SPD16 --abi=eabi -me --include_path="C:/ti/ccsv6/tools/compiler/ti-cgt-arm_5.2.2/include" --include_path="X:/My Documents/Micro 2 files/micro2-repository-workspace/r-tiles-dev/custom-libraries" --include_path="C:/ti/TivaWare_C_Series-2.1.4.178" -g --gcc --define=ccs="ccs" --define=PART_TM4C123GH6PM --display_error_number --diag_warning=225 --diag_wrap=off --preproc_with_compile --preproc_dependency="main.pp"  "../main.c"
'Finished building: ../main.c'
' '
'Building target: StepperExperiments.out'
'Invoking: ARM Linker'
"C:/ti/ccsv6/tools/compiler/ti-cgt-arm_5.2.2/bin/armcl" -mv7M4 --code_state=16 --float_support=FPv4SPD16 --abi=eabi -me -g --gcc --define=ccs="ccs" --define=PART_TM4C123GH6PM --display_error_number --diag_warning=225 --diag_wrap=off -z -m"StepperExperiments.map" --heap_size=0 --stack_size=800 -i"C:/ti/ccsv6/tools/compiler/ti-cgt-arm_5.2.2/lib" -i"C:/ti/ccsv6/tools/compiler/ti-cgt-arm_5.2.2/include" --reread_libs --warn_sections --display_error_number --diag_wrap=off --xml_link_info="StepperExperiments_linkInfo.xml" --rom_model -o "StepperExperiments.out" "./main.obj" "./tm4c123gh6pm_startup_ccs.obj" "./libraries/MIL_LCD_lib.obj" "./libraries/tivaUtils.obj" "C:/ti/TivaWare_C_Series-2.1.4.178/driverlib/ccs/Debug/driverlib.lib" "../tm4c123gh6pm.cmd"  -l"libc.a" 
<Linking>
'Finished building target: StepperExperiments.out'
' '

**** Build Finished ****

**** Build of configuration Debug for project StepperExperiments ****

"C:\\ti\\ccsv6\\utils\\bin\\gmake" -k all 
'Building file: ../main.c'
'Invoking: ARM Compiler'
"C:/ti/ccsv6/tools/compiler/ti-cgt-arm_5.2.2/bin/armcl" -mv7M4 --code_state=16 --float_support=FPv4SPD16 --abi=eabi -me --include_path="C:/ti/ccsv6/tools/compiler/ti-cgt-arm_5.2.2/include" --include_path="X:/My Documents/Micro 2 files/micro2-repository-workspace/r-tiles-dev/custom-libraries" --include_path="C:/ti/TivaWare_C_Series-2.1.4.178" -g --gcc --define=ccs="ccs" --define=PART_TM4C123GH6PM --display_error_number --diag_warning=225 --diag_wrap=off --preproc_with_compile --preproc_dependency="main.pp"  "../main.c"
'Finished building: ../main.c'
' '
'Building target: StepperExperiments.out'
'Invoking: ARM Linker'
"C:/ti/ccsv6/tools/compiler/ti-cgt-arm_5.2.2/bin/armcl" -mv7M4 --code_state=16 --float_support=FPv4SPD16 --abi=eabi -me -g --gcc --define=ccs="ccs" --define=PART_TM4C123GH6PM --display_error_number --diag_warning=225 --diag_wrap=off -z -m"StepperExperiments.map" --heap_size=0 --stack_size=800 -i"C:/ti/ccsv6/tools/compiler/ti-cgt-arm_5.2.2/lib" -i"C:/ti/ccsv6/tools/compiler/ti-cgt-arm_5.2.2/include" --reread_libs --warn_sections --display_error_number --diag_wrap=off --xml_link_info="StepperExperiments_linkInfo.xml" --rom_model -o "StepperExperiments.out" "./main.obj" "./tm4c123gh6pm_startup_ccs.obj" "./libraries/MIL_LCD_lib.obj" "./libraries/tivaUtils.obj" "C:/ti/TivaWare_C_Series-2.1.4.178/driverlib/ccs/Debug/driverlib.lib" "../tm4c123gh6pm.cmd"  -l"libc.a" 
<Linking>
'Finished building target: StepperExperiments.out'
' '

**** Build Finished ****

**** Build of configuration Debug for project StepperExperiments ****

"C:\\ti\\ccsv6\\utils\\bin\\gmake" -k all 
'Building file: ../main.c'
'Invoking: ARM Compiler'
"C:/ti/ccsv6/tools/compiler/ti-cgt-arm_5.2.2/bin/armcl" -mv7M4 --code_state=16 --float_support=FPv4SPD16 --abi=eabi -me --include_path="C:/ti/ccsv6/tools/compiler/ti-cgt-arm_5.2.2/include" --include_path="X:/My Documents/Micro 2 files/micro2-repository-workspace/r-tiles-dev/custom-libraries" --include_path="C:/ti/TivaWare_C_Series-2.1.4.178" -g --gcc --define=ccs="ccs" --define=PART_TM4C123GH6PM --display_error_number --diag_warning=225 --diag_wrap=off --preproc_with_compile --preproc_dependency="main.pp"  "../main.c"
'Finished building: ../main.c'
' '
'Building target: StepperExperiments.out'
'Invoking: ARM Linker'
"C:/ti/ccsv6/tools/compiler/ti-cgt-arm_5.2.2/bin/armcl" -mv7M4 --code_state=16 --float_support=FPv4SPD16 --abi=eabi -me -g --gcc --define=ccs="ccs" --define=PART_TM4C123GH6PM --display_error_number --diag_warning=225 --diag_wrap=off -z -m"StepperExperiments.map" --heap_size=0 --stack_size=800 -i"C:/ti/ccsv6/tools/compiler/ti-cgt-arm_5.2.2/lib" -i"C:/ti/ccsv6/tools/compiler/ti-cgt-arm_5.2.2/include" --reread_libs --warn_sections --display_error_number --diag_wrap=off --xml_link_info="StepperExperiments_linkInfo.xml" --rom_model -o "StepperExperiments.out" "./main.obj" "./tm4c123gh6pm_startup_ccs.obj" "./libraries/MIL_LCD_lib.obj" "./libraries/tivaUtils.obj" "C:/ti/TivaWare_C_Series-2.1.4.178/driverlib/ccs/Debug/driverlib.lib" "../tm4c123gh6pm.cmd"  -l"libc.a" 
<Linking>
'Finished building target: StepperExperiments.out'
' '

**** Build Finished ****

**** Build of configuration Debug for project StepperExperiments ****

"C:\\ti\\ccsv6\\utils\\bin\\gmake" -k all 
'Building file: ../main.c'
'Invoking: ARM Compiler'
"C:/ti/ccsv6/tools/compiler/ti-cgt-arm_5.2.2/bin/armcl" -mv7M4 --code_state=16 --float_support=FPv4SPD16 --abi=eabi -me --include_path="C:/ti/ccsv6/tools/compiler/ti-cgt-arm_5.2.2/include" --include_path="X:/My Documents/Micro 2 files/micro2-repository-workspace/r-tiles-dev/custom-libraries" --include_path="C:/ti/TivaWare_C_Series-2.1.4.178" -g --gcc --define=ccs="ccs" --define=PART_TM4C123GH6PM --display_error_number --diag_warning=225 --diag_wrap=off --preproc_with_compile --preproc_dependency="main.pp"  "../main.c"
'Finished building: ../main.c'
' '
'Building target: StepperExperiments.out'
'Invoking: ARM Linker'
"C:/ti/ccsv6/tools/compiler/ti-cgt-arm_5.2.2/bin/armcl" -mv7M4 --code_state=16 --float_support=FPv4SPD16 --abi=eabi -me -g --gcc --define=ccs="ccs" --define=PART_TM4C123GH6PM --display_error_number --diag_warning=225 --diag_wrap=off -z -m"StepperExperiments.map" --heap_size=0 --stack_size=800 -i"C:/ti/ccsv6/tools/compiler/ti-cgt-arm_5.2.2/lib" -i"C:/ti/ccsv6/tools/compiler/ti-cgt-arm_5.2.2/include" --reread_libs --warn_sections --display_error_number --diag_wrap=off --xml_link_info="StepperExperiments_linkInfo.xml" --rom_model -o "StepperExperiments.out" "./main.obj" "./tm4c123gh6pm_startup_ccs.obj" "./libraries/MIL_LCD_lib.obj" "./libraries/tivaUtils.obj" "C:/ti/TivaWare_C_Series-2.1.4.178/driverlib/ccs/Debug/driverlib.lib" "../tm4c123gh6pm.cmd"  -l"libc.a" 
<Linking>
'Finished building target: StepperExperiments.out'
' '

**** Build Finished ****

**** Build of configuration Debug for project StepperExperiments ****

"C:\\ti\\ccsv6\\utils\\bin\\gmake" -k all 
'Building file: ../main.c'
'Invoking: ARM Compiler'
"C:/ti/ccsv6/tools/compiler/ti-cgt-arm_5.2.2/bin/armcl" -mv7M4 --code_state=16 --float_support=FPv4SPD16 --abi=eabi -me --include_path="C:/ti/ccsv6/tools/compiler/ti-cgt-arm_5.2.2/include" --include_path="X:/My Documents/Micro 2 files/micro2-repository-workspace/r-tiles-dev/custom-libraries" --include_path="C:/ti/TivaWare_C_Series-2.1.4.178" -g --gcc --define=ccs="ccs" --define=PART_TM4C123GH6PM --display_error_number --diag_warning=225 --diag_wrap=off --preproc_with_compile --preproc_dependency="main.pp"  "../main.c"
'Finished building: ../main.c'
' '
'Building target: StepperExperiments.out'
'Invoking: ARM Linker'
"C:/ti/ccsv6/tools/compiler/ti-cgt-arm_5.2.2/bin/armcl" -mv7M4 --code_state=16 --float_support=FPv4SPD16 --abi=eabi -me -g --gcc --define=ccs="ccs" --define=PART_TM4C123GH6PM --display_error_number --diag_warning=225 --diag_wrap=off -z -m"StepperExperiments.map" --heap_size=0 --stack_size=800 -i"C:/ti/ccsv6/tools/compiler/ti-cgt-arm_5.2.2/lib" -i"C:/ti/ccsv6/tools/compiler/ti-cgt-arm_5.2.2/include" --reread_libs --warn_sections --display_error_number --diag_wrap=off --xml_link_info="StepperExperiments_linkInfo.xml" --rom_model -o "StepperExperiments.out" "./main.obj" "./tm4c123gh6pm_startup_ccs.obj" "./libraries/MIL_LCD_lib.obj" "./libraries/tivaUtils.obj" "C:/ti/TivaWare_C_Series-2.1.4.178/driverlib/ccs/Debug/driverlib.lib" "../tm4c123gh6pm.cmd"  -l"libc.a" 
<Linking>
'Finished building target: StepperExperiments.out'
' '

**** Build Finished ****

**** Build of configuration Debug for project StepperExperiments ****

"C:\\ti\\ccsv6\\utils\\bin\\gmake" -k all 
'Building file: ../main.c'
'Invoking: ARM Compiler'
"C:/ti/ccsv6/tools/compiler/ti-cgt-arm_5.2.2/bin/armcl" -mv7M4 --code_state=16 --float_support=FPv4SPD16 --abi=eabi -me --include_path="C:/ti/ccsv6/tools/compiler/ti-cgt-arm_5.2.2/include" --include_path="X:/My Documents/Micro 2 files/micro2-repository-workspace/r-tiles-dev/custom-libraries" --include_path="C:/ti/TivaWare_C_Series-2.1.4.178" -g --gcc --define=ccs="ccs" --define=PART_TM4C123GH6PM --display_error_number --diag_warning=225 --diag_wrap=off --preproc_with_compile --preproc_dependency="main.pp"  "../main.c"
'Finished building: ../main.c'
' '
'Building target: StepperExperiments.out'
'Invoking: ARM Linker'
"C:/ti/ccsv6/tools/compiler/ti-cgt-arm_5.2.2/bin/armcl" -mv7M4 --code_state=16 --float_support=FPv4SPD16 --abi=eabi -me -g --gcc --define=ccs="ccs" --define=PART_TM4C123GH6PM --display_error_number --diag_warning=225 --diag_wrap=off -z -m"StepperExperiments.map" --heap_size=0 --stack_size=800 -i"C:/ti/ccsv6/tools/compiler/ti-cgt-arm_5.2.2/lib" -i"C:/ti/ccsv6/tools/compiler/ti-cgt-arm_5.2.2/include" --reread_libs --warn_sections --display_error_number --diag_wrap=off --xml_link_info="StepperExperiments_linkInfo.xml" --rom_model -o "StepperExperiments.out" "./main.obj" "./tm4c123gh6pm_startup_ccs.obj" "./libraries/MIL_LCD_lib.obj" "./libraries/tivaUtils.obj" "C:/ti/TivaWare_C_Series-2.1.4.178/driverlib/ccs/Debug/driverlib.lib" "../tm4c123gh6pm.cmd"  -l"libc.a" 
<Linking>
'Finished building target: StepperExperiments.out'
' '

**** Build Finished ****

**** Build of configuration Debug for project StepperExperiments ****

"C:\\ti\\ccsv6\\utils\\bin\\gmake" -k all 
'Building file: ../main.c'
'Invoking: ARM Compiler'
"C:/ti/ccsv6/tools/compiler/ti-cgt-arm_5.2.2/bin/armcl" -mv7M4 --code_state=16 --float_support=FPv4SPD16 --abi=eabi -me --include_path="C:/ti/ccsv6/tools/compiler/ti-cgt-arm_5.2.2/include" --include_path="X:/My Documents/Micro 2 files/micro2-repository-workspace/r-tiles-dev/custom-libraries" --include_path="C:/ti/TivaWare_C_Series-2.1.4.178" -g --gcc --define=ccs="ccs" --define=PART_TM4C123GH6PM --display_error_number --diag_warning=225 --diag_wrap=off --preproc_with_compile --preproc_dependency="main.pp"  "../main.c"
'Finished building: ../main.c'
' '
'Building target: StepperExperiments.out'
'Invoking: ARM Linker'
"C:/ti/ccsv6/tools/compiler/ti-cgt-arm_5.2.2/bin/armcl" -mv7M4 --code_state=16 --float_support=FPv4SPD16 --abi=eabi -me -g --gcc --define=ccs="ccs" --define=PART_TM4C123GH6PM --display_error_number --diag_warning=225 --diag_wrap=off -z -m"StepperExperiments.map" --heap_size=0 --stack_size=800 -i"C:/ti/ccsv6/tools/compiler/ti-cgt-arm_5.2.2/lib" -i"C:/ti/ccsv6/tools/compiler/ti-cgt-arm_5.2.2/include" --reread_libs --warn_sections --display_error_number --diag_wrap=off --xml_link_info="StepperExperiments_linkInfo.xml" --rom_model -o "StepperExperiments.out" "./main.obj" "./tm4c123gh6pm_startup_ccs.obj" "./libraries/MIL_LCD_lib.obj" "./libraries/tivaUtils.obj" "C:/ti/TivaWare_C_Series-2.1.4.178/driverlib/ccs/Debug/driverlib.lib" "../tm4c123gh6pm.cmd"  -l"libc.a" 
<Linking>
'Finished building target: StepperExperiments.out'
' '

**** Build Finished ****

**** Build of configuration Debug for project StepperExperiments ****

"C:\\ti\\ccsv6\\utils\\bin\\gmake" -k all 
'Building file: ../main.c'
'Invoking: ARM Compiler'
"C:/ti/ccsv6/tools/compiler/ti-cgt-arm_5.2.2/bin/armcl" -mv7M4 --code_state=16 --float_support=FPv4SPD16 --abi=eabi -me --include_path="C:/ti/ccsv6/tools/compiler/ti-cgt-arm_5.2.2/include" --include_path="X:/My Documents/Micro 2 files/micro2-repository-workspace/r-tiles-dev/custom-libraries" --include_path="C:/ti/TivaWare_C_Series-2.1.4.178" -g --gcc --define=ccs="ccs" --define=PART_TM4C123GH6PM --display_error_number --diag_warning=225 --diag_wrap=off --preproc_with_compile --preproc_dependency="main.pp"  "../main.c"
'Finished building: ../main.c'
' '
'Building target: StepperExperiments.out'
'Invoking: ARM Linker'
"C:/ti/ccsv6/tools/compiler/ti-cgt-arm_5.2.2/bin/armcl" -mv7M4 --code_state=16 --float_support=FPv4SPD16 --abi=eabi -me -g --gcc --define=ccs="ccs" --define=PART_TM4C123GH6PM --display_error_number --diag_warning=225 --diag_wrap=off -z -m"StepperExperiments.map" --heap_size=0 --stack_size=800 -i"C:/ti/ccsv6/tools/compiler/ti-cgt-arm_5.2.2/lib" -i"C:/ti/ccsv6/tools/compiler/ti-cgt-arm_5.2.2/include" --reread_libs --warn_sections --display_error_number --diag_wrap=off --xml_link_info="StepperExperiments_linkInfo.xml" --rom_model -o "StepperExperiments.out" "./main.obj" "./tm4c123gh6pm_startup_ccs.obj" "./libraries/MIL_LCD_lib.obj" "./libraries/tivaUtils.obj" "C:/ti/TivaWare_C_Series-2.1.4.178/driverlib/ccs/Debug/driverlib.lib" "../tm4c123gh6pm.cmd"  -l"libc.a" 
<Linking>
'Finished building target: StepperExperiments.out'
' '

**** Build Finished ****

**** Build of configuration Debug for project StepperExperiments ****

"C:\\ti\\ccsv6\\utils\\bin\\gmake" -k all 
'Building file: ../main.c'
'Invoking: ARM Compiler'
"C:/ti/ccsv6/tools/compiler/ti-cgt-arm_5.2.2/bin/armcl" -mv7M4 --code_state=16 --float_support=FPv4SPD16 --abi=eabi -me --include_path="C:/ti/ccsv6/tools/compiler/ti-cgt-arm_5.2.2/include" --include_path="X:/My Documents/Micro 2 files/micro2-repository-workspace/r-tiles-dev/custom-libraries" --include_path="C:/ti/TivaWare_C_Series-2.1.4.178" -g --gcc --define=ccs="ccs" --define=PART_TM4C123GH6PM --display_error_number --diag_warning=225 --diag_wrap=off --preproc_with_compile --preproc_dependency="main.pp"  "../main.c"
'Finished building: ../main.c'
' '
'Building target: StepperExperiments.out'
'Invoking: ARM Linker'
"C:/ti/ccsv6/tools/compiler/ti-cgt-arm_5.2.2/bin/armcl" -mv7M4 --code_state=16 --float_support=FPv4SPD16 --abi=eabi -me -g --gcc --define=ccs="ccs" --define=PART_TM4C123GH6PM --display_error_number --diag_warning=225 --diag_wrap=off -z -m"StepperExperiments.map" --heap_size=0 --stack_size=800 -i"C:/ti/ccsv6/tools/compiler/ti-cgt-arm_5.2.2/lib" -i"C:/ti/ccsv6/tools/compiler/ti-cgt-arm_5.2.2/include" --reread_libs --warn_sections --display_error_number --diag_wrap=off --xml_link_info="StepperExperiments_linkInfo.xml" --rom_model -o "StepperExperiments.out" "./main.obj" "./tm4c123gh6pm_startup_ccs.obj" "./libraries/MIL_LCD_lib.obj" "./libraries/tivaUtils.obj" "C:/ti/TivaWare_C_Series-2.1.4.178/driverlib/ccs/Debug/driverlib.lib" "../tm4c123gh6pm.cmd"  -l"libc.a" 
<Linking>
'Finished building target: StepperExperiments.out'
' '

**** Build Finished ****

**** Build of configuration Debug for project StepperExperiments ****

"C:\\ti\\ccsv6\\utils\\bin\\gmake" -k all 
'Building file: ../main.c'
'Invoking: ARM Compiler'
"C:/ti/ccsv6/tools/compiler/ti-cgt-arm_5.2.2/bin/armcl" -mv7M4 --code_state=16 --float_support=FPv4SPD16 --abi=eabi -me --include_path="C:/ti/ccsv6/tools/compiler/ti-cgt-arm_5.2.2/include" --include_path="X:/My Documents/Micro 2 files/micro2-repository-workspace/r-tiles-dev/custom-libraries" --include_path="C:/ti/TivaWare_C_Series-2.1.4.178" -g --gcc --define=ccs="ccs" --define=PART_TM4C123GH6PM --display_error_number --diag_warning=225 --diag_wrap=off --preproc_with_compile --preproc_dependency="main.pp"  "../main.c"
'Finished building: ../main.c'
' '
'Building target: StepperExperiments.out'
'Invoking: ARM Linker'
"C:/ti/ccsv6/tools/compiler/ti-cgt-arm_5.2.2/bin/armcl" -mv7M4 --code_state=16 --float_support=FPv4SPD16 --abi=eabi -me -g --gcc --define=ccs="ccs" --define=PART_TM4C123GH6PM --display_error_number --diag_warning=225 --diag_wrap=off -z -m"StepperExperiments.map" --heap_size=0 --stack_size=800 -i"C:/ti/ccsv6/tools/compiler/ti-cgt-arm_5.2.2/lib" -i"C:/ti/ccsv6/tools/compiler/ti-cgt-arm_5.2.2/include" --reread_libs --warn_sections --display_error_number --diag_wrap=off --xml_link_info="StepperExperiments_linkInfo.xml" --rom_model -o "StepperExperiments.out" "./main.obj" "./tm4c123gh6pm_startup_ccs.obj" "./libraries/MIL_LCD_lib.obj" "./libraries/tivaUtils.obj" "C:/ti/TivaWare_C_Series-2.1.4.178/driverlib/ccs/Debug/driverlib.lib" "../tm4c123gh6pm.cmd"  -l"libc.a" 
<Linking>
'Finished building target: StepperExperiments.out'
' '

**** Build Finished ****

**** Build of configuration Debug for project StepperExperiments ****

"C:\\ti\\ccsv6\\utils\\bin\\gmake" -k all 
'Building file: ../main.c'
'Invoking: ARM Compiler'
"C:/ti/ccsv6/tools/compiler/ti-cgt-arm_5.2.2/bin/armcl" -mv7M4 --code_state=16 --float_support=FPv4SPD16 --abi=eabi -me --include_path="C:/ti/ccsv6/tools/compiler/ti-cgt-arm_5.2.2/include" --include_path="X:/My Documents/Micro 2 files/micro2-repository-workspace/r-tiles-dev/custom-libraries" --include_path="C:/ti/TivaWare_C_Series-2.1.4.178" -g --gcc --define=ccs="ccs" --define=PART_TM4C123GH6PM --display_error_number --diag_warning=225 --diag_wrap=off --preproc_with_compile --preproc_dependency="main.pp"  "../main.c"
'Finished building: ../main.c'
' '
'Building target: StepperExperiments.out'
'Invoking: ARM Linker'
"C:/ti/ccsv6/tools/compiler/ti-cgt-arm_5.2.2/bin/armcl" -mv7M4 --code_state=16 --float_support=FPv4SPD16 --abi=eabi -me -g --gcc --define=ccs="ccs" --define=PART_TM4C123GH6PM --display_error_number --diag_warning=225 --diag_wrap=off -z -m"StepperExperiments.map" --heap_size=0 --stack_size=800 -i"C:/ti/ccsv6/tools/compiler/ti-cgt-arm_5.2.2/lib" -i"C:/ti/ccsv6/tools/compiler/ti-cgt-arm_5.2.2/include" --reread_libs --warn_sections --display_error_number --diag_wrap=off --xml_link_info="StepperExperiments_linkInfo.xml" --rom_model -o "StepperExperiments.out" "./main.obj" "./tm4c123gh6pm_startup_ccs.obj" "./libraries/MIL_LCD_lib.obj" "./libraries/tivaUtils.obj" "C:/ti/TivaWare_C_Series-2.1.4.178/driverlib/ccs/Debug/driverlib.lib" "../tm4c123gh6pm.cmd"  -l"libc.a" 
<Linking>
'Finished building target: StepperExperiments.out'
' '

**** Build Finished ****

**** Build of configuration Debug for project StepperExperiments ****

"C:\\ti\\ccsv6\\utils\\bin\\gmake" -k all 
'Building file: ../main.c'
'Invoking: ARM Compiler'
"C:/ti/ccsv6/tools/compiler/ti-cgt-arm_5.2.2/bin/armcl" -mv7M4 --code_state=16 --float_support=FPv4SPD16 --abi=eabi -me --include_path="C:/ti/ccsv6/tools/compiler/ti-cgt-arm_5.2.2/include" --include_path="X:/My Documents/Micro 2 files/micro2-repository-workspace/r-tiles-dev/custom-libraries" --include_path="C:/ti/TivaWare_C_Series-2.1.4.178" -g --gcc --define=ccs="ccs" --define=PART_TM4C123GH6PM --display_error_number --diag_warning=225 --diag_wrap=off --preproc_with_compile --preproc_dependency="main.pp"  "../main.c"
'Finished building: ../main.c'
' '
'Building target: StepperExperiments.out'
'Invoking: ARM Linker'
"C:/ti/ccsv6/tools/compiler/ti-cgt-arm_5.2.2/bin/armcl" -mv7M4 --code_state=16 --float_support=FPv4SPD16 --abi=eabi -me -g --gcc --define=ccs="ccs" --define=PART_TM4C123GH6PM --display_error_number --diag_warning=225 --diag_wrap=off -z -m"StepperExperiments.map" --heap_size=0 --stack_size=800 -i"C:/ti/ccsv6/tools/compiler/ti-cgt-arm_5.2.2/lib" -i"C:/ti/ccsv6/tools/compiler/ti-cgt-arm_5.2.2/include" --reread_libs --warn_sections --display_error_number --diag_wrap=off --xml_link_info="StepperExperiments_linkInfo.xml" --rom_model -o "StepperExperiments.out" "./main.obj" "./tm4c123gh6pm_startup_ccs.obj" "./libraries/MIL_LCD_lib.obj" "./libraries/tivaUtils.obj" "C:/ti/TivaWare_C_Series-2.1.4.178/driverlib/ccs/Debug/driverlib.lib" "../tm4c123gh6pm.cmd"  -l"libc.a" 
<Linking>
'Finished building target: StepperExperiments.out'
' '

**** Build Finished ****

**** Build of configuration Debug for project StepperExperiments ****

"C:\\ti\\ccsv6\\utils\\bin\\gmake" -k all 
'Building file: ../main.c'
'Invoking: ARM Compiler'
"C:/ti/ccsv6/tools/compiler/ti-cgt-arm_5.2.2/bin/armcl" -mv7M4 --code_state=16 --float_support=FPv4SPD16 --abi=eabi -me --include_path="C:/ti/ccsv6/tools/compiler/ti-cgt-arm_5.2.2/include" --include_path="X:/My Documents/Micro 2 files/micro2-repository-workspace/r-tiles-dev/custom-libraries" --include_path="C:/ti/TivaWare_C_Series-2.1.4.178" -g --gcc --define=ccs="ccs" --define=PART_TM4C123GH6PM --display_error_number --diag_warning=225 --diag_wrap=off --preproc_with_compile --preproc_dependency="main.pp"  "../main.c"
'Finished building: ../main.c'
' '
'Building target: StepperExperiments.out'
'Invoking: ARM Linker'
"C:/ti/ccsv6/tools/compiler/ti-cgt-arm_5.2.2/bin/armcl" -mv7M4 --code_state=16 --float_support=FPv4SPD16 --abi=eabi -me -g --gcc --define=ccs="ccs" --define=PART_TM4C123GH6PM --display_error_number --diag_warning=225 --diag_wrap=off -z -m"StepperExperiments.map" --heap_size=0 --stack_size=800 -i"C:/ti/ccsv6/tools/compiler/ti-cgt-arm_5.2.2/lib" -i"C:/ti/ccsv6/tools/compiler/ti-cgt-arm_5.2.2/include" --reread_libs --warn_sections --display_error_number --diag_wrap=off --xml_link_info="StepperExperiments_linkInfo.xml" --rom_model -o "StepperExperiments.out" "./main.obj" "./tm4c123gh6pm_startup_ccs.obj" "./libraries/MIL_LCD_lib.obj" "./libraries/tivaUtils.obj" "C:/ti/TivaWare_C_Series-2.1.4.178/driverlib/ccs/Debug/driverlib.lib" "../tm4c123gh6pm.cmd"  -l"libc.a" 
<Linking>
'Finished building target: StepperExperiments.out'
' '

**** Build Finished ****

**** Build of configuration Debug for project StepperExperiments ****

"C:\\ti\\ccsv6\\utils\\bin\\gmake" -k all 
'Building file: ../main.c'
'Invoking: ARM Compiler'
"C:/ti/ccsv6/tools/compiler/ti-cgt-arm_5.2.2/bin/armcl" -mv7M4 --code_state=16 --float_support=FPv4SPD16 --abi=eabi -me --include_path="C:/ti/ccsv6/tools/compiler/ti-cgt-arm_5.2.2/include" --include_path="X:/My Documents/Micro 2 files/micro2-repository-workspace/r-tiles-dev/custom-libraries" --include_path="C:/ti/TivaWare_C_Series-2.1.4.178" -g --gcc --define=ccs="ccs" --define=PART_TM4C123GH6PM --display_error_number --diag_warning=225 --diag_wrap=off --preproc_with_compile --preproc_dependency="main.pp"  "../main.c"
'Finished building: ../main.c'
' '
'Building target: StepperExperiments.out'
'Invoking: ARM Linker'
"C:/ti/ccsv6/tools/compiler/ti-cgt-arm_5.2.2/bin/armcl" -mv7M4 --code_state=16 --float_support=FPv4SPD16 --abi=eabi -me -g --gcc --define=ccs="ccs" --define=PART_TM4C123GH6PM --display_error_number --diag_warning=225 --diag_wrap=off -z -m"StepperExperiments.map" --heap_size=0 --stack_size=800 -i"C:/ti/ccsv6/tools/compiler/ti-cgt-arm_5.2.2/lib" -i"C:/ti/ccsv6/tools/compiler/ti-cgt-arm_5.2.2/include" --reread_libs --warn_sections --display_error_number --diag_wrap=off --xml_link_info="StepperExperiments_linkInfo.xml" --rom_model -o "StepperExperiments.out" "./main.obj" "./tm4c123gh6pm_startup_ccs.obj" "./libraries/MIL_LCD_lib.obj" "./libraries/tivaUtils.obj" "C:/ti/TivaWare_C_Series-2.1.4.178/driverlib/ccs/Debug/driverlib.lib" "../tm4c123gh6pm.cmd"  -l"libc.a" 
<Linking>
'Finished building target: StepperExperiments.out'
' '

**** Build Finished ****
